

[Method]: GET
[URI]: articles/
[Timestamp]: Tue Jan 19 2016 11:48:39 GMT-1000 (HST)
[Headers]: {"host":"localhost:3000","connection":"keep-alive","accept":"text/html,application/xhtml+xml,application/xml;q=0.9,image/webp,*/*;q=0.8","upgrade-insecure-requests":"1","user-agent":"Mozilla/5.0 (X11; Linux x86_64) AppleWebKit/537.36 (KHTML, like Gecko) Chrome/47.0.2526.111 Safari/537.36","accept-encoding":"gzip, deflate, sdch","accept-language":"en-US,en;q=0.8","if-none-match":"W/\"36b-c3bil1+Mq2/NUrUzdvRYbw\""}

[Method]: GET
[URI]: products/new
[Timestamp]: Tue Jan 19 2016 11:48:51 GMT-1000 (HST)
[Headers]: {"host":"localhost:3000","connection":"keep-alive","accept":"text/html,application/xhtml+xml,application/xml;q=0.9,image/webp,*/*;q=0.8","upgrade-insecure-requests":"1","user-agent":"Mozilla/5.0 (X11; Linux x86_64) AppleWebKit/537.36 (KHTML, like Gecko) Chrome/47.0.2526.111 Safari/537.36","referer":"http://localhost:3000/products/","accept-encoding":"gzip, deflate, sdch","accept-language":"en-US,en;q=0.8","if-none-match":"W/\"1c8-HBv2WJc6bqm/n7IVXlYUrg\""}

[Method]: POST
[URI]: products
[Timestamp]: Tue Jan 19 2016 11:50:44 GMT-1000 (HST)
[Headers]: {"host":"localhost:3000","connection":"keep-alive","content-length":"29","cache-control":"max-age=0","accept":"text/html,application/xhtml+xml,application/xml;q=0.9,image/webp,*/*;q=0.8","origin":"http://localhost:3000","upgrade-insecure-requests":"1","user-agent":"Mozilla/5.0 (X11; Linux x86_64) AppleWebKit/537.36 (KHTML, like Gecko) Chrome/47.0.2526.111 Safari/537.36","content-type":"application/x-www-form-urlencoded","referer":"http://localhost:3000/products/new?","accept-encoding":"gzip, deflate","accept-language":"en-US,en;q=0.8"}

[Method]: GET
[URI]: products
[Timestamp]: Tue Jan 19 2016 11:50:44 GMT-1000 (HST)
[Headers]: {"host":"localhost:3000","connection":"keep-alive","cache-control":"max-age=0","accept":"text/html,application/xhtml+xml,application/xml;q=0.9,image/webp,*/*;q=0.8","upgrade-insecure-requests":"1","user-agent":"Mozilla/5.0 (X11; Linux x86_64) AppleWebKit/537.36 (KHTML, like Gecko) Chrome/47.0.2526.111 Safari/537.36","referer":"http://localhost:3000/products/new?","accept-encoding":"gzip, deflate, sdch","accept-language":"en-US,en;q=0.8"}

[Method]: DELETE
[URI]: products
[Timestamp]: Tue Jan 19 2016 11:50:53 GMT-1000 (HST)
[Headers]: {"host":"localhost:3000","connection":"keep-alive","content-length":"26","cache-control":"max-age=0","accept":"text/html,application/xhtml+xml,application/xml;q=0.9,image/webp,*/*;q=0.8","origin":"http://localhost:3000","upgrade-insecure-requests":"1","user-agent":"Mozilla/5.0 (X11; Linux x86_64) AppleWebKit/537.36 (KHTML, like Gecko) Chrome/47.0.2526.111 Safari/537.36","content-type":"application/x-www-form-urlencoded","referer":"http://localhost:3000/products","accept-encoding":"gzip, deflate","accept-language":"en-US,en;q=0.8"}

[Method]: GET
[URI]: products
[Timestamp]: Tue Jan 19 2016 11:50:53 GMT-1000 (HST)
[Headers]: {"host":"localhost:3000","connection":"keep-alive","cache-control":"max-age=0","accept":"text/html,application/xhtml+xml,application/xml;q=0.9,image/webp,*/*;q=0.8","upgrade-insecure-requests":"1","user-agent":"Mozilla/5.0 (X11; Linux x86_64) AppleWebKit/537.36 (KHTML, like Gecko) Chrome/47.0.2526.111 Safari/537.36","referer":"http://localhost:3000/products","accept-encoding":"gzip, deflate, sdch","accept-language":"en-US,en;q=0.8"}

[Method]: POST
[URI]: products/show
[Timestamp]: Tue Jan 19 2016 11:50:57 GMT-1000 (HST)
[Headers]: {"host":"localhost:3000","connection":"keep-alive","content-length":"11","cache-control":"max-age=0","accept":"text/html,application/xhtml+xml,application/xml;q=0.9,image/webp,*/*;q=0.8","origin":"http://localhost:3000","upgrade-insecure-requests":"1","user-agent":"Mozilla/5.0 (X11; Linux x86_64) AppleWebKit/537.36 (KHTML, like Gecko) Chrome/47.0.2526.111 Safari/537.36","content-type":"application/x-www-form-urlencoded","referer":"http://localhost:3000/products","accept-encoding":"gzip, deflate","accept-language":"en-US,en;q=0.8"}

[Method]: GET
[URI]: products/2/show
[Timestamp]: Tue Jan 19 2016 11:50:57 GMT-1000 (HST)
[Headers]: {"host":"localhost:3000","connection":"keep-alive","cache-control":"max-age=0","accept":"text/html,application/xhtml+xml,application/xml;q=0.9,image/webp,*/*;q=0.8","upgrade-insecure-requests":"1","user-agent":"Mozilla/5.0 (X11; Linux x86_64) AppleWebKit/537.36 (KHTML, like Gecko) Chrome/47.0.2526.111 Safari/537.36","referer":"http://localhost:3000/products","accept-encoding":"gzip, deflate, sdch","accept-language":"en-US,en;q=0.8","if-none-match":"W/\"2e-a6VTNhSHnx417QQFr7cR/Q\""}