

[Method]: GET
[URI]: products
[Timestamp]: Mon Jan 25 2016 18:38:55 GMT-1000 (HST)
[Headers]: {"host":"localhost:3000","connection":"keep-alive","accept":"text/html,application/xhtml+xml,application/xml;q=0.9,image/webp,*/*;q=0.8","upgrade-insecure-requests":"1","user-agent":"Mozilla/5.0 (X11; Linux x86_64) AppleWebKit/537.36 (KHTML, like Gecko) Chrome/48.0.2564.82 Safari/537.36","accept-encoding":"gzip, deflate, sdch","accept-language":"en-US,en;q=0.8"}

[Method]: GET
[URI]: favicon.ico
[Timestamp]: Mon Jan 25 2016 18:38:55 GMT-1000 (HST)
[Headers]: {"host":"localhost:3000","connection":"keep-alive","user-agent":"Mozilla/5.0 (X11; Linux x86_64) AppleWebKit/537.36 (KHTML, like Gecko) Chrome/48.0.2564.82 Safari/537.36","accept":"*/*","referer":"http://localhost:3000/products","accept-encoding":"gzip, deflate, sdch","accept-language":"en-US,en;q=0.8"}

[Method]: GET
[URI]: products
[Timestamp]: Mon Jan 25 2016 18:40:35 GMT-1000 (HST)
[Headers]: {"host":"localhost:3000","connection":"keep-alive","cache-control":"max-age=0","accept":"text/html,application/xhtml+xml,application/xml;q=0.9,image/webp,*/*;q=0.8","upgrade-insecure-requests":"1","user-agent":"Mozilla/5.0 (X11; Linux x86_64) AppleWebKit/537.36 (KHTML, like Gecko) Chrome/48.0.2564.82 Safari/537.36","accept-encoding":"gzip, deflate, sdch","accept-language":"en-US,en;q=0.8"}

[Method]: GET
[URI]: products
[Timestamp]: Mon Jan 25 2016 18:41:33 GMT-1000 (HST)
[Headers]: {"host":"localhost:3000","connection":"keep-alive","cache-control":"max-age=0","accept":"text/html,application/xhtml+xml,application/xml;q=0.9,image/webp,*/*;q=0.8","upgrade-insecure-requests":"1","user-agent":"Mozilla/5.0 (X11; Linux x86_64) AppleWebKit/537.36 (KHTML, like Gecko) Chrome/48.0.2564.82 Safari/537.36","accept-encoding":"gzip, deflate, sdch","accept-language":"en-US,en;q=0.8"}

[Method]: GET
[URI]: products
[Timestamp]: Mon Jan 25 2016 18:44:37 GMT-1000 (HST)
[Headers]: {"host":"localhost:3000","connection":"keep-alive","cache-control":"no-cache","user-agent":"Mozilla/5.0 (X11; Linux x86_64) AppleWebKit/537.36 (KHTML, like Gecko) Chrome/48.0.2564.82 Safari/537.36","postman-token":"b9146d6c-64e9-0aa1-d628-a9b894c4a6e4","accept":"*/*","accept-encoding":"gzip, deflate, sdch","accept-language":"en-US,en;q=0.8"}

[Method]: GET
[URI]: products
[Timestamp]: Mon Jan 25 2016 18:47:26 GMT-1000 (HST)
[Headers]: {"host":"localhost:3000","connection":"keep-alive","cache-control":"no-cache","user-agent":"Mozilla/5.0 (X11; Linux x86_64) AppleWebKit/537.36 (KHTML, like Gecko) Chrome/48.0.2564.82 Safari/537.36","postman-token":"4982d001-490b-1df3-9eeb-e80930000236","accept":"*/*","accept-encoding":"gzip, deflate, sdch","accept-language":"en-US,en;q=0.8"}

[Method]: GET
[URI]: products
[Timestamp]: Mon Jan 25 2016 18:47:39 GMT-1000 (HST)
[Headers]: {"host":"localhost:3000","connection":"keep-alive","cache-control":"no-cache","user-agent":"Mozilla/5.0 (X11; Linux x86_64) AppleWebKit/537.36 (KHTML, like Gecko) Chrome/48.0.2564.82 Safari/537.36","postman-token":"2762028d-e63e-b4f3-ae8a-3eaf62042a2e","accept":"*/*","accept-encoding":"gzip, deflate, sdch","accept-language":"en-US,en;q=0.8"}

[Method]: GET
[URI]: products
[Timestamp]: Mon Jan 25 2016 18:49:48 GMT-1000 (HST)
[Headers]: {"host":"localhost:3000","connection":"keep-alive","accept":"text/html,application/xhtml+xml,application/xml;q=0.9,image/webp,*/*;q=0.8","upgrade-insecure-requests":"1","user-agent":"Mozilla/5.0 (X11; Linux x86_64) AppleWebKit/537.36 (KHTML, like Gecko) Chrome/48.0.2564.82 Safari/537.36","accept-encoding":"gzip, deflate, sdch","accept-language":"en-US,en;q=0.8"}

[Method]: GET
[URI]: products
[Timestamp]: Mon Jan 25 2016 18:52:21 GMT-1000 (HST)
[Headers]: {"host":"localhost:3000","connection":"keep-alive","cache-control":"max-age=0","accept":"text/html,application/xhtml+xml,application/xml;q=0.9,image/webp,*/*;q=0.8","upgrade-insecure-requests":"1","user-agent":"Mozilla/5.0 (X11; Linux x86_64) AppleWebKit/537.36 (KHTML, like Gecko) Chrome/48.0.2564.82 Safari/537.36","accept-encoding":"gzip, deflate, sdch","accept-language":"en-US,en;q=0.8","if-none-match":"W/\"6eb-Fn/czHF+EKrU5CIDkK/9gQ\""}

[Method]: GET
[URI]: products
[Timestamp]: Mon Jan 25 2016 18:53:16 GMT-1000 (HST)
[Headers]: {"host":"localhost:3000","connection":"keep-alive","cache-control":"max-age=0","accept":"text/html,application/xhtml+xml,application/xml;q=0.9,image/webp,*/*;q=0.8","upgrade-insecure-requests":"1","user-agent":"Mozilla/5.0 (X11; Linux x86_64) AppleWebKit/537.36 (KHTML, like Gecko) Chrome/48.0.2564.82 Safari/537.36","accept-encoding":"gzip, deflate, sdch","accept-language":"en-US,en;q=0.8"}

[Method]: GET
[URI]: products
[Timestamp]: Mon Jan 25 2016 18:53:28 GMT-1000 (HST)
[Headers]: {"host":"localhost:3000","connection":"keep-alive","cache-control":"max-age=0","accept":"text/html,application/xhtml+xml,application/xml;q=0.9,image/webp,*/*;q=0.8","upgrade-insecure-requests":"1","user-agent":"Mozilla/5.0 (X11; Linux x86_64) AppleWebKit/537.36 (KHTML, like Gecko) Chrome/48.0.2564.82 Safari/537.36","accept-encoding":"gzip, deflate, sdch","accept-language":"en-US,en;q=0.8"}

[Method]: GET
[URI]: products
[Timestamp]: Mon Jan 25 2016 18:53:40 GMT-1000 (HST)
[Headers]: {"host":"localhost:3000","connection":"keep-alive","cache-control":"max-age=0","accept":"text/html,application/xhtml+xml,application/xml;q=0.9,image/webp,*/*;q=0.8","upgrade-insecure-requests":"1","user-agent":"Mozilla/5.0 (X11; Linux x86_64) AppleWebKit/537.36 (KHTML, like Gecko) Chrome/48.0.2564.82 Safari/537.36","accept-encoding":"gzip, deflate, sdch","accept-language":"en-US,en;q=0.8","if-none-match":"W/\"6eb-Fn/czHF+EKrU5CIDkK/9gQ\""}

[Method]: GET
[URI]: products/new
[Timestamp]: Mon Jan 25 2016 18:53:43 GMT-1000 (HST)
[Headers]: {"host":"localhost:3000","connection":"keep-alive","accept":"text/html,application/xhtml+xml,application/xml;q=0.9,image/webp,*/*;q=0.8","upgrade-insecure-requests":"1","user-agent":"Mozilla/5.0 (X11; Linux x86_64) AppleWebKit/537.36 (KHTML, like Gecko) Chrome/48.0.2564.82 Safari/537.36","referer":"http://localhost:3000/products","accept-encoding":"gzip, deflate, sdch","accept-language":"en-US,en;q=0.8","if-none-match":"W/\"1c8-HBv2WJc6bqm/n7IVXlYUrg\""}

[Method]: GET
[URI]: products/new
[Timestamp]: Mon Jan 25 2016 18:53:45 GMT-1000 (HST)
[Headers]: {"host":"localhost:3000","connection":"keep-alive","cache-control":"max-age=0","accept":"text/html,application/xhtml+xml,application/xml;q=0.9,image/webp,*/*;q=0.8","upgrade-insecure-requests":"1","user-agent":"Mozilla/5.0 (X11; Linux x86_64) AppleWebKit/537.36 (KHTML, like Gecko) Chrome/48.0.2564.82 Safari/537.36","referer":"http://localhost:3000/products","accept-encoding":"gzip, deflate, sdch","accept-language":"en-US,en;q=0.8","if-none-match":"W/\"1c8-HBv2WJc6bqm/n7IVXlYUrg\""}

[Method]: GET
[URI]: products/new
[Timestamp]: Mon Jan 25 2016 18:53:48 GMT-1000 (HST)
[Headers]: {"host":"localhost:3000","connection":"keep-alive","accept":"text/html,application/xhtml+xml,application/xml;q=0.9,image/webp,*/*;q=0.8","upgrade-insecure-requests":"1","user-agent":"Mozilla/5.0 (X11; Linux x86_64) AppleWebKit/537.36 (KHTML, like Gecko) Chrome/48.0.2564.82 Safari/537.36","accept-encoding":"gzip, deflate, sdch","accept-language":"en-US,en;q=0.8","if-none-match":"W/\"1c8-HBv2WJc6bqm/n7IVXlYUrg\""}

[Method]: GET
[URI]: products/
[Timestamp]: Mon Jan 25 2016 18:53:49 GMT-1000 (HST)
[Headers]: {"host":"localhost:3000","connection":"keep-alive","accept":"text/html,application/xhtml+xml,application/xml;q=0.9,image/webp,*/*;q=0.8","upgrade-insecure-requests":"1","user-agent":"Mozilla/5.0 (X11; Linux x86_64) AppleWebKit/537.36 (KHTML, like Gecko) Chrome/48.0.2564.82 Safari/537.36","accept-encoding":"gzip, deflate, sdch","accept-language":"en-US,en;q=0.8","if-none-match":"W/\"350-Gpd6fuQITMiPEs97/gqjYA\""}

[Method]: GET
[URI]: products/
[Timestamp]: Mon Jan 25 2016 18:54:27 GMT-1000 (HST)
[Headers]: {"host":"localhost:3000","connection":"keep-alive","cache-control":"max-age=0","accept":"text/html,application/xhtml+xml,application/xml;q=0.9,image/webp,*/*;q=0.8","upgrade-insecure-requests":"1","user-agent":"Mozilla/5.0 (X11; Linux x86_64) AppleWebKit/537.36 (KHTML, like Gecko) Chrome/48.0.2564.82 Safari/537.36","accept-encoding":"gzip, deflate, sdch","accept-language":"en-US,en;q=0.8","if-none-match":"W/\"6eb-Fn/czHF+EKrU5CIDkK/9gQ\""}

[Method]: GET
[URI]: products
[Timestamp]: Mon Jan 25 2016 18:54:33 GMT-1000 (HST)
[Headers]: {"host":"localhost:3000","connection":"keep-alive","accept":"text/html,application/xhtml+xml,application/xml;q=0.9,image/webp,*/*;q=0.8","upgrade-insecure-requests":"1","user-agent":"Mozilla/5.0 (X11; Linux x86_64) AppleWebKit/537.36 (KHTML, like Gecko) Chrome/48.0.2564.82 Safari/537.36","accept-encoding":"gzip, deflate, sdch","accept-language":"en-US,en;q=0.8","if-none-match":"W/\"6eb-Fn/czHF+EKrU5CIDkK/9gQ\""}

[Method]: GET
[URI]: products/
[Timestamp]: Mon Jan 25 2016 18:55:35 GMT-1000 (HST)
[Headers]: {"host":"localhost:3000","connection":"keep-alive","accept":"text/html,application/xhtml+xml,application/xml;q=0.9,image/webp,*/*;q=0.8","upgrade-insecure-requests":"1","user-agent":"Mozilla/5.0 (X11; Linux x86_64) AppleWebKit/537.36 (KHTML, like Gecko) Chrome/48.0.2564.82 Safari/537.36","accept-encoding":"gzip, deflate, sdch","accept-language":"en-US,en;q=0.8"}

[Method]: GET
[URI]: products/
[Timestamp]: Mon Jan 25 2016 18:55:41 GMT-1000 (HST)
[Headers]: {"host":"localhost:3000","connection":"keep-alive","cache-control":"max-age=0","accept":"text/html,application/xhtml+xml,application/xml;q=0.9,image/webp,*/*;q=0.8","upgrade-insecure-requests":"1","user-agent":"Mozilla/5.0 (X11; Linux x86_64) AppleWebKit/537.36 (KHTML, like Gecko) Chrome/48.0.2564.82 Safari/537.36","accept-encoding":"gzip, deflate, sdch","accept-language":"en-US,en;q=0.8","if-none-match":"W/\"6eb-Fn/czHF+EKrU5CIDkK/9gQ\""}

[Method]: GET
[URI]: products/
[Timestamp]: Mon Jan 25 2016 18:55:47 GMT-1000 (HST)
[Headers]: {"host":"localhost:3000","connection":"keep-alive","cache-control":"max-age=0","accept":"text/html,application/xhtml+xml,application/xml;q=0.9,image/webp,*/*;q=0.8","upgrade-insecure-requests":"1","user-agent":"Mozilla/5.0 (X11; Linux x86_64) AppleWebKit/537.36 (KHTML, like Gecko) Chrome/48.0.2564.82 Safari/537.36","accept-encoding":"gzip, deflate, sdch","accept-language":"en-US,en;q=0.8","if-none-match":"W/\"6eb-Fn/czHF+EKrU5CIDkK/9gQ\""}

[Method]: GET
[URI]: products/new
[Timestamp]: Mon Jan 25 2016 18:55:50 GMT-1000 (HST)
[Headers]: {"host":"localhost:3000","connection":"keep-alive","accept":"text/html,application/xhtml+xml,application/xml;q=0.9,image/webp,*/*;q=0.8","upgrade-insecure-requests":"1","user-agent":"Mozilla/5.0 (X11; Linux x86_64) AppleWebKit/537.36 (KHTML, like Gecko) Chrome/48.0.2564.82 Safari/537.36","referer":"http://localhost:3000/products/","accept-encoding":"gzip, deflate, sdch","accept-language":"en-US,en;q=0.8","if-none-match":"W/\"1c8-HBv2WJc6bqm/n7IVXlYUrg\""}

[Method]: GET
[URI]: products/new
[Timestamp]: Mon Jan 25 2016 18:55:53 GMT-1000 (HST)
[Headers]: {"host":"localhost:3000","connection":"keep-alive","accept":"text/html,application/xhtml+xml,application/xml;q=0.9,image/webp,*/*;q=0.8","upgrade-insecure-requests":"1","user-agent":"Mozilla/5.0 (X11; Linux x86_64) AppleWebKit/537.36 (KHTML, like Gecko) Chrome/48.0.2564.82 Safari/537.36","accept-encoding":"gzip, deflate, sdch","accept-language":"en-US,en;q=0.8","if-none-match":"W/\"1c8-HBv2WJc6bqm/n7IVXlYUrg\""}

[Method]: GET
[URI]: products/
[Timestamp]: Mon Jan 25 2016 18:55:54 GMT-1000 (HST)
[Headers]: {"host":"localhost:3000","connection":"keep-alive","accept":"text/html,application/xhtml+xml,application/xml;q=0.9,image/webp,*/*;q=0.8","upgrade-insecure-requests":"1","user-agent":"Mozilla/5.0 (X11; Linux x86_64) AppleWebKit/537.36 (KHTML, like Gecko) Chrome/48.0.2564.82 Safari/537.36","accept-encoding":"gzip, deflate, sdch","accept-language":"en-US,en;q=0.8","if-none-match":"W/\"6eb-Fn/czHF+EKrU5CIDkK/9gQ\""}

[Method]: GET
[URI]: products
[Timestamp]: Mon Jan 25 2016 18:55:59 GMT-1000 (HST)
[Headers]: {"host":"localhost:3000","connection":"keep-alive","accept":"text/html,application/xhtml+xml,application/xml;q=0.9,image/webp,*/*;q=0.8","upgrade-insecure-requests":"1","user-agent":"Mozilla/5.0 (X11; Linux x86_64) AppleWebKit/537.36 (KHTML, like Gecko) Chrome/48.0.2564.82 Safari/537.36","accept-encoding":"gzip, deflate, sdch","accept-language":"en-US,en;q=0.8","if-none-match":"W/\"6eb-Fn/czHF+EKrU5CIDkK/9gQ\""}

[Method]: GET
[URI]: products
[Timestamp]: Mon Jan 25 2016 18:56:07 GMT-1000 (HST)
[Headers]: {"host":"localhost:3000","connection":"keep-alive","cache-control":"max-age=0","accept":"text/html,application/xhtml+xml,application/xml;q=0.9,image/webp,*/*;q=0.8","upgrade-insecure-requests":"1","user-agent":"Mozilla/5.0 (X11; Linux x86_64) AppleWebKit/537.36 (KHTML, like Gecko) Chrome/48.0.2564.82 Safari/537.36","accept-encoding":"gzip, deflate, sdch","accept-language":"en-US,en;q=0.8","if-none-match":"W/\"6eb-Fn/czHF+EKrU5CIDkK/9gQ\""}

[Method]: GET
[URI]: products/
[Timestamp]: Mon Jan 25 2016 18:56:31 GMT-1000 (HST)
[Headers]: {"host":"localhost:3000","connection":"keep-alive","accept":"text/html,application/xhtml+xml,application/xml;q=0.9,image/webp,*/*;q=0.8","upgrade-insecure-requests":"1","user-agent":"Mozilla/5.0 (X11; Linux x86_64) AppleWebKit/537.36 (KHTML, like Gecko) Chrome/48.0.2564.82 Safari/537.36","accept-encoding":"gzip, deflate, sdch","accept-language":"en-US,en;q=0.8","if-none-match":"W/\"6eb-Fn/czHF+EKrU5CIDkK/9gQ\""}

[Method]: GET
[URI]: products/
[Timestamp]: Mon Jan 25 2016 18:56:31 GMT-1000 (HST)
[Headers]: {"host":"localhost:3000","connection":"keep-alive","accept":"text/html,application/xhtml+xml,application/xml;q=0.9,image/webp,*/*;q=0.8","upgrade-insecure-requests":"1","user-agent":"Mozilla/5.0 (X11; Linux x86_64) AppleWebKit/537.36 (KHTML, like Gecko) Chrome/48.0.2564.82 Safari/537.36","accept-encoding":"gzip, deflate, sdch","accept-language":"en-US,en;q=0.8"}

[Method]: GET
[URI]: products/
[Timestamp]: Mon Jan 25 2016 18:56:40 GMT-1000 (HST)
[Headers]: {"host":"localhost:3000","connection":"keep-alive","cache-control":"max-age=0","accept":"text/html,application/xhtml+xml,application/xml;q=0.9,image/webp,*/*;q=0.8","upgrade-insecure-requests":"1","user-agent":"Mozilla/5.0 (X11; Linux x86_64) AppleWebKit/537.36 (KHTML, like Gecko) Chrome/48.0.2564.82 Safari/537.36","accept-encoding":"gzip, deflate, sdch","accept-language":"en-US,en;q=0.8"}

[Method]: GET
[URI]: products
[Timestamp]: Mon Jan 25 2016 18:56:47 GMT-1000 (HST)
[Headers]: {"host":"localhost:3000","connection":"keep-alive","cache-control":"no-cache","user-agent":"Mozilla/5.0 (X11; Linux x86_64) AppleWebKit/537.36 (KHTML, like Gecko) Chrome/48.0.2564.82 Safari/537.36","postman-token":"e98e1641-b62f-99ed-17f0-2aab66dd98b7","accept":"*/*","accept-encoding":"gzip, deflate, sdch","accept-language":"en-US,en;q=0.8"}

[Method]: GET
[URI]: products
[Timestamp]: Mon Jan 25 2016 18:56:49 GMT-1000 (HST)
[Headers]: {"host":"localhost:3000","connection":"keep-alive","cache-control":"no-cache","user-agent":"Mozilla/5.0 (X11; Linux x86_64) AppleWebKit/537.36 (KHTML, like Gecko) Chrome/48.0.2564.82 Safari/537.36","postman-token":"04616fd2-7710-993f-4238-53cf7b2e8a6e","accept":"*/*","accept-encoding":"gzip, deflate, sdch","accept-language":"en-US,en;q=0.8"}

[Method]: GET
[URI]: products
[Timestamp]: Mon Jan 25 2016 18:58:17 GMT-1000 (HST)
[Headers]: {"host":"localhost:3000","connection":"keep-alive","cache-control":"no-cache","user-agent":"Mozilla/5.0 (X11; Linux x86_64) AppleWebKit/537.36 (KHTML, like Gecko) Chrome/48.0.2564.82 Safari/537.36","postman-token":"ddbe21c1-ccbd-394d-2232-d076ac215251","accept":"*/*","accept-encoding":"gzip, deflate, sdch","accept-language":"en-US,en;q=0.8"}

[Method]: GET
[URI]: products/
[Timestamp]: Mon Jan 25 2016 18:59:01 GMT-1000 (HST)
[Headers]: {"host":"localhost:3000","connection":"keep-alive","cache-control":"no-cache","user-agent":"Mozilla/5.0 (X11; Linux x86_64) AppleWebKit/537.36 (KHTML, like Gecko) Chrome/48.0.2564.82 Safari/537.36","postman-token":"f9be609f-d702-c3da-5b9c-aee50bfec274","accept":"*/*","accept-encoding":"gzip, deflate, sdch","accept-language":"en-US,en;q=0.8"}

[Method]: GET
[URI]: products/
[Timestamp]: Mon Jan 25 2016 19:00:14 GMT-1000 (HST)
[Headers]: {"host":"localhost:3000","connection":"keep-alive","cache-control":"no-cache","user-agent":"Mozilla/5.0 (X11; Linux x86_64) AppleWebKit/537.36 (KHTML, like Gecko) Chrome/48.0.2564.82 Safari/537.36","postman-token":"0bccf7e4-d0d2-e737-65e3-9b86b39b2aff","accept":"*/*","accept-encoding":"gzip, deflate, sdch","accept-language":"en-US,en;q=0.8"}

[Method]: GET
[URI]: products/
[Timestamp]: Mon Jan 25 2016 19:01:46 GMT-1000 (HST)
[Headers]: {"host":"localhost:3000","connection":"keep-alive","cache-control":"no-cache","user-agent":"Mozilla/5.0 (X11; Linux x86_64) AppleWebKit/537.36 (KHTML, like Gecko) Chrome/48.0.2564.82 Safari/537.36","postman-token":"7603a573-fb7d-30d1-a1c7-43be902126d1","accept":"*/*","accept-encoding":"gzip, deflate, sdch","accept-language":"en-US,en;q=0.8"}

[Method]: GET
[URI]: products/
[Timestamp]: Mon Jan 25 2016 19:01:47 GMT-1000 (HST)
[Headers]: {"host":"localhost:3000","connection":"keep-alive","cache-control":"no-cache","user-agent":"Mozilla/5.0 (X11; Linux x86_64) AppleWebKit/537.36 (KHTML, like Gecko) Chrome/48.0.2564.82 Safari/537.36","postman-token":"8bf0027e-be3f-7cf8-96e7-293af3a2efc1","accept":"*/*","accept-encoding":"gzip, deflate, sdch","accept-language":"en-US,en;q=0.8"}

[Method]: GET
[URI]: products/
[Timestamp]: Mon Jan 25 2016 19:02:00 GMT-1000 (HST)
[Headers]: {"host":"localhost:3000","connection":"keep-alive","cache-control":"no-cache","user-agent":"Mozilla/5.0 (X11; Linux x86_64) AppleWebKit/537.36 (KHTML, like Gecko) Chrome/48.0.2564.82 Safari/537.36","postman-token":"efd8ea3b-b7ba-5cc1-61de-a3b67fee194e","accept":"*/*","accept-encoding":"gzip, deflate, sdch","accept-language":"en-US,en;q=0.8"}

[Method]: GET
[URI]: products/
[Timestamp]: Mon Jan 25 2016 19:02:07 GMT-1000 (HST)
[Headers]: {"host":"localhost:3000","connection":"keep-alive","cache-control":"max-age=0","accept":"text/html,application/xhtml+xml,application/xml;q=0.9,image/webp,*/*;q=0.8","upgrade-insecure-requests":"1","user-agent":"Mozilla/5.0 (X11; Linux x86_64) AppleWebKit/537.36 (KHTML, like Gecko) Chrome/48.0.2564.82 Safari/537.36","accept-encoding":"gzip, deflate, sdch","accept-language":"en-US,en;q=0.8"}

[Method]: GET
[URI]: products/
[Timestamp]: Mon Jan 25 2016 19:02:36 GMT-1000 (HST)
[Headers]: {"host":"localhost:3000","connection":"keep-alive","pragma":"no-cache","cache-control":"no-cache","accept":"text/html,application/xhtml+xml,application/xml;q=0.9,image/webp,*/*;q=0.8","upgrade-insecure-requests":"1","user-agent":"Mozilla/5.0 (X11; Linux x86_64) AppleWebKit/537.36 (KHTML, like Gecko) Chrome/48.0.2564.82 Safari/537.36","accept-encoding":"gzip, deflate, sdch","accept-language":"en-US,en;q=0.8"}

[Method]: GET
[URI]: products/
[Timestamp]: Mon Jan 25 2016 19:02:38 GMT-1000 (HST)
[Headers]: {"host":"localhost:3000","connection":"keep-alive","pragma":"no-cache","cache-control":"no-cache","accept":"text/html,application/xhtml+xml,application/xml;q=0.9,image/webp,*/*;q=0.8","upgrade-insecure-requests":"1","user-agent":"Mozilla/5.0 (X11; Linux x86_64) AppleWebKit/537.36 (KHTML, like Gecko) Chrome/48.0.2564.82 Safari/537.36","accept-encoding":"gzip, deflate, sdch","accept-language":"en-US,en;q=0.8"}

[Method]: GET
[URI]: products/
[Timestamp]: Mon Jan 25 2016 19:02:48 GMT-1000 (HST)
[Headers]: {"host":"localhost:3000","connection":"keep-alive","pragma":"no-cache","cache-control":"no-cache","accept":"text/html,application/xhtml+xml,application/xml;q=0.9,image/webp,*/*;q=0.8","upgrade-insecure-requests":"1","user-agent":"Mozilla/5.0 (X11; Linux x86_64) AppleWebKit/537.36 (KHTML, like Gecko) Chrome/48.0.2564.82 Safari/537.36","accept-encoding":"gzip, deflate, sdch","accept-language":"en-US,en;q=0.8"}

[Method]: GET
[URI]: products/
[Timestamp]: Mon Jan 25 2016 19:03:13 GMT-1000 (HST)
[Headers]: {"host":"localhost:3000","connection":"keep-alive","pragma":"no-cache","cache-control":"no-cache","accept":"text/html,application/xhtml+xml,application/xml;q=0.9,image/webp,*/*;q=0.8","upgrade-insecure-requests":"1","user-agent":"Mozilla/5.0 (X11; Linux x86_64) AppleWebKit/537.36 (KHTML, like Gecko) Chrome/48.0.2564.82 Safari/537.36","accept-encoding":"gzip, deflate, sdch","accept-language":"en-US,en;q=0.8"}

[Method]: GET
[URI]: products/
[Timestamp]: Mon Jan 25 2016 19:03:19 GMT-1000 (HST)
[Headers]: {"host":"localhost:3000","connection":"keep-alive","pragma":"no-cache","cache-control":"no-cache","accept":"text/html,application/xhtml+xml,application/xml;q=0.9,image/webp,*/*;q=0.8","upgrade-insecure-requests":"1","user-agent":"Mozilla/5.0 (X11; Linux x86_64) AppleWebKit/537.36 (KHTML, like Gecko) Chrome/48.0.2564.82 Safari/537.36","accept-encoding":"gzip, deflate, sdch","accept-language":"en-US,en;q=0.8"}

[Method]: GET
[URI]: products/
[Timestamp]: Mon Jan 25 2016 19:03:38 GMT-1000 (HST)
[Headers]: {"host":"localhost:3000","connection":"keep-alive","pragma":"no-cache","cache-control":"no-cache","accept":"text/html,application/xhtml+xml,application/xml;q=0.9,image/webp,*/*;q=0.8","upgrade-insecure-requests":"1","user-agent":"Mozilla/5.0 (X11; Linux x86_64) AppleWebKit/537.36 (KHTML, like Gecko) Chrome/48.0.2564.82 Safari/537.36","accept-encoding":"gzip, deflate, sdch","accept-language":"en-US,en;q=0.8"}

[Method]: GET
[URI]: products/
[Timestamp]: Mon Jan 25 2016 19:03:50 GMT-1000 (HST)
[Headers]: {"host":"localhost:3000","connection":"keep-alive","pragma":"no-cache","cache-control":"no-cache","accept":"text/html,application/xhtml+xml,application/xml;q=0.9,image/webp,*/*;q=0.8","upgrade-insecure-requests":"1","user-agent":"Mozilla/5.0 (X11; Linux x86_64) AppleWebKit/537.36 (KHTML, like Gecko) Chrome/48.0.2564.82 Safari/537.36","accept-encoding":"gzip, deflate, sdch","accept-language":"en-US,en;q=0.8"}

[Method]: GET
[URI]: products
[Timestamp]: Mon Jan 25 2016 19:04:03 GMT-1000 (HST)
[Headers]: {"host":"localhost:3000","connection":"keep-alive","pragma":"no-cache","cache-control":"no-cache","accept":"text/html,application/xhtml+xml,application/xml;q=0.9,image/webp,*/*;q=0.8","upgrade-insecure-requests":"1","user-agent":"Mozilla/5.0 (X11; Linux x86_64) AppleWebKit/537.36 (KHTML, like Gecko) Chrome/48.0.2564.82 Safari/537.36","accept-encoding":"gzip, deflate, sdch","accept-language":"en-US,en;q=0.8"}

[Method]: GET
[URI]: products
[Timestamp]: Mon Jan 25 2016 19:04:05 GMT-1000 (HST)
[Headers]: {"host":"localhost:3000","connection":"keep-alive","pragma":"no-cache","cache-control":"no-cache","accept":"text/html,application/xhtml+xml,application/xml;q=0.9,image/webp,*/*;q=0.8","upgrade-insecure-requests":"1","user-agent":"Mozilla/5.0 (X11; Linux x86_64) AppleWebKit/537.36 (KHTML, like Gecko) Chrome/48.0.2564.82 Safari/537.36","accept-encoding":"gzip, deflate, sdch","accept-language":"en-US,en;q=0.8"}

[Method]: GET
[URI]: products
[Timestamp]: Mon Jan 25 2016 19:04:06 GMT-1000 (HST)
[Headers]: {"host":"localhost:3000","connection":"keep-alive","pragma":"no-cache","cache-control":"no-cache","accept":"text/html,application/xhtml+xml,application/xml;q=0.9,image/webp,*/*;q=0.8","upgrade-insecure-requests":"1","user-agent":"Mozilla/5.0 (X11; Linux x86_64) AppleWebKit/537.36 (KHTML, like Gecko) Chrome/48.0.2564.82 Safari/537.36","accept-encoding":"gzip, deflate, sdch","accept-language":"en-US,en;q=0.8"}

[Method]: GET
[URI]: products
[Timestamp]: Mon Jan 25 2016 19:04:07 GMT-1000 (HST)
[Headers]: {"host":"localhost:3000","connection":"keep-alive","pragma":"no-cache","cache-control":"no-cache","accept":"text/html,application/xhtml+xml,application/xml;q=0.9,image/webp,*/*;q=0.8","upgrade-insecure-requests":"1","user-agent":"Mozilla/5.0 (X11; Linux x86_64) AppleWebKit/537.36 (KHTML, like Gecko) Chrome/48.0.2564.82 Safari/537.36","accept-encoding":"gzip, deflate, sdch","accept-language":"en-US,en;q=0.8"}

[Method]: GET
[URI]: products
[Timestamp]: Mon Jan 25 2016 19:04:08 GMT-1000 (HST)
[Headers]: {"host":"localhost:3000","connection":"keep-alive","pragma":"no-cache","cache-control":"no-cache","accept":"text/html,application/xhtml+xml,application/xml;q=0.9,image/webp,*/*;q=0.8","upgrade-insecure-requests":"1","user-agent":"Mozilla/5.0 (X11; Linux x86_64) AppleWebKit/537.36 (KHTML, like Gecko) Chrome/48.0.2564.82 Safari/537.36","accept-encoding":"gzip, deflate, sdch","accept-language":"en-US,en;q=0.8"}

[Method]: GET
[URI]: products
[Timestamp]: Mon Jan 25 2016 19:04:09 GMT-1000 (HST)
[Headers]: {"host":"localhost:3000","connection":"keep-alive","pragma":"no-cache","cache-control":"no-cache","accept":"text/html,application/xhtml+xml,application/xml;q=0.9,image/webp,*/*;q=0.8","upgrade-insecure-requests":"1","user-agent":"Mozilla/5.0 (X11; Linux x86_64) AppleWebKit/537.36 (KHTML, like Gecko) Chrome/48.0.2564.82 Safari/537.36","accept-encoding":"gzip, deflate, sdch","accept-language":"en-US,en;q=0.8"}

[Method]: GET
[URI]: products
[Timestamp]: Mon Jan 25 2016 19:04:26 GMT-1000 (HST)
[Headers]: {"host":"localhost:3000","connection":"keep-alive","pragma":"no-cache","cache-control":"no-cache","accept":"text/html,application/xhtml+xml,application/xml;q=0.9,image/webp,*/*;q=0.8","upgrade-insecure-requests":"1","user-agent":"Mozilla/5.0 (X11; Linux x86_64) AppleWebKit/537.36 (KHTML, like Gecko) Chrome/48.0.2564.82 Safari/537.36","accept-encoding":"gzip, deflate, sdch","accept-language":"en-US,en;q=0.8"}

[Method]: GET
[URI]: products
[Timestamp]: Mon Jan 25 2016 19:04:34 GMT-1000 (HST)
[Headers]: {"host":"localhost:3000","connection":"keep-alive","pragma":"no-cache","cache-control":"no-cache","accept":"text/html,application/xhtml+xml,application/xml;q=0.9,image/webp,*/*;q=0.8","upgrade-insecure-requests":"1","user-agent":"Mozilla/5.0 (X11; Linux x86_64) AppleWebKit/537.36 (KHTML, like Gecko) Chrome/48.0.2564.82 Safari/537.36","accept-encoding":"gzip, deflate, sdch","accept-language":"en-US,en;q=0.8"}

[Method]: GET
[URI]: products/
[Timestamp]: Mon Jan 25 2016 19:04:41 GMT-1000 (HST)
[Headers]: {"host":"localhost:3000","connection":"keep-alive","accept":"text/html,application/xhtml+xml,application/xml;q=0.9,image/webp,*/*;q=0.8","upgrade-insecure-requests":"1","user-agent":"Mozilla/5.0 (X11; Linux x86_64) AppleWebKit/537.36 (KHTML, like Gecko) Chrome/48.0.2564.82 Safari/537.36","accept-encoding":"gzip, deflate, sdch","accept-language":"en-US,en;q=0.8","if-none-match":"W/\"6eb-Fn/czHF+EKrU5CIDkK/9gQ\""}

[Method]: GET
[URI]: products/
[Timestamp]: Mon Jan 25 2016 19:04:41 GMT-1000 (HST)
[Headers]: {"host":"localhost:3000","connection":"keep-alive","pragma":"no-cache","cache-control":"no-cache","accept":"text/html,application/xhtml+xml,application/xml;q=0.9,image/webp,*/*;q=0.8","upgrade-insecure-requests":"1","user-agent":"Mozilla/5.0 (X11; Linux x86_64) AppleWebKit/537.36 (KHTML, like Gecko) Chrome/48.0.2564.82 Safari/537.36","accept-encoding":"gzip, deflate, sdch","accept-language":"en-US,en;q=0.8"}

[Method]: GET
[URI]: products/
[Timestamp]: Mon Jan 25 2016 19:08:13 GMT-1000 (HST)
[Headers]: {"host":"localhost:3000","connection":"keep-alive","cache-control":"no-cache","user-agent":"Mozilla/5.0 (X11; Linux x86_64) AppleWebKit/537.36 (KHTML, like Gecko) Chrome/48.0.2564.82 Safari/537.36","postman-token":"ca7db10c-f2dd-b674-a63f-127677a3df1e","accept":"*/*","accept-encoding":"gzip, deflate, sdch","accept-language":"en-US,en;q=0.8"}

[Method]: GET
[URI]: products/
[Timestamp]: Mon Jan 25 2016 19:08:21 GMT-1000 (HST)
[Headers]: {"host":"localhost:3000","connection":"keep-alive","cache-control":"no-cache","user-agent":"Mozilla/5.0 (X11; Linux x86_64) AppleWebKit/537.36 (KHTML, like Gecko) Chrome/48.0.2564.82 Safari/537.36","postman-token":"2c60cb66-f072-94f1-247d-4d7d2fc496c0","accept":"*/*","accept-encoding":"gzip, deflate, sdch","accept-language":"en-US,en;q=0.8"}

[Method]: GET
[URI]: products/
[Timestamp]: Mon Jan 25 2016 19:10:47 GMT-1000 (HST)
[Headers]: {"host":"localhost:3000","connection":"keep-alive","cache-control":"no-cache","user-agent":"Mozilla/5.0 (X11; Linux x86_64) AppleWebKit/537.36 (KHTML, like Gecko) Chrome/48.0.2564.82 Safari/537.36","postman-token":"7b6dbaf2-01f0-b15c-d879-fc64ef5495e7","accept":"*/*","accept-encoding":"gzip, deflate, sdch","accept-language":"en-US,en;q=0.8"}

[Method]: GET
[URI]: products/
[Timestamp]: Mon Jan 25 2016 19:10:54 GMT-1000 (HST)
[Headers]: {"host":"localhost:3000","connection":"keep-alive","cache-control":"no-cache","user-agent":"Mozilla/5.0 (X11; Linux x86_64) AppleWebKit/537.36 (KHTML, like Gecko) Chrome/48.0.2564.82 Safari/537.36","postman-token":"f6417b78-f881-29cf-e94b-a6237538cd60","accept":"*/*","accept-encoding":"gzip, deflate, sdch","accept-language":"en-US,en;q=0.8"}

[Method]: GET
[URI]: products/
[Timestamp]: Mon Jan 25 2016 19:10:55 GMT-1000 (HST)
[Headers]: {"host":"localhost:3000","connection":"keep-alive","cache-control":"no-cache","user-agent":"Mozilla/5.0 (X11; Linux x86_64) AppleWebKit/537.36 (KHTML, like Gecko) Chrome/48.0.2564.82 Safari/537.36","postman-token":"fd80f0a9-c45c-0c1d-4fad-427d78d81251","accept":"*/*","accept-encoding":"gzip, deflate, sdch","accept-language":"en-US,en;q=0.8"}

[Method]: GET
[URI]: products/
[Timestamp]: Mon Jan 25 2016 19:10:59 GMT-1000 (HST)
[Headers]: {"host":"localhost:3000","connection":"keep-alive","cache-control":"no-cache","user-agent":"Mozilla/5.0 (X11; Linux x86_64) AppleWebKit/537.36 (KHTML, like Gecko) Chrome/48.0.2564.82 Safari/537.36","postman-token":"210fa92a-86bf-6037-584f-69a153152547","accept":"*/*","accept-encoding":"gzip, deflate, sdch","accept-language":"en-US,en;q=0.8"}

[Method]: GET
[URI]: products/
[Timestamp]: Mon Jan 25 2016 19:11:17 GMT-1000 (HST)
[Headers]: {"host":"localhost:3000","connection":"keep-alive","cache-control":"no-cache","user-agent":"Mozilla/5.0 (X11; Linux x86_64) AppleWebKit/537.36 (KHTML, like Gecko) Chrome/48.0.2564.82 Safari/537.36","postman-token":"a4c4e3ea-e97c-0529-9c3e-6ce25ce123d4","accept":"*/*","accept-encoding":"gzip, deflate, sdch","accept-language":"en-US,en;q=0.8"}

[Method]: GET
[URI]: products/
[Timestamp]: Mon Jan 25 2016 19:11:22 GMT-1000 (HST)
[Headers]: {"host":"localhost:3000","connection":"keep-alive","pragma":"no-cache","cache-control":"no-cache","accept":"text/html,application/xhtml+xml,application/xml;q=0.9,image/webp,*/*;q=0.8","upgrade-insecure-requests":"1","user-agent":"Mozilla/5.0 (X11; Linux x86_64) AppleWebKit/537.36 (KHTML, like Gecko) Chrome/48.0.2564.82 Safari/537.36","accept-encoding":"gzip, deflate, sdch","accept-language":"en-US,en;q=0.8"}

[Method]: GET
[URI]: products/
[Timestamp]: Mon Jan 25 2016 19:11:24 GMT-1000 (HST)
[Headers]: {"host":"localhost:3000","connection":"keep-alive","pragma":"no-cache","cache-control":"no-cache","accept":"text/html,application/xhtml+xml,application/xml;q=0.9,image/webp,*/*;q=0.8","upgrade-insecure-requests":"1","user-agent":"Mozilla/5.0 (X11; Linux x86_64) AppleWebKit/537.36 (KHTML, like Gecko) Chrome/48.0.2564.82 Safari/537.36","accept-encoding":"gzip, deflate, sdch","accept-language":"en-US,en;q=0.8"}

[Method]: GET
[URI]: products/
[Timestamp]: Mon Jan 25 2016 19:12:06 GMT-1000 (HST)
[Headers]: {"host":"localhost:3000","connection":"keep-alive","pragma":"no-cache","cache-control":"no-cache","accept":"text/html,application/xhtml+xml,application/xml;q=0.9,image/webp,*/*;q=0.8","upgrade-insecure-requests":"1","user-agent":"Mozilla/5.0 (X11; Linux x86_64) AppleWebKit/537.36 (KHTML, like Gecko) Chrome/48.0.2564.82 Safari/537.36","accept-encoding":"gzip, deflate, sdch","accept-language":"en-US,en;q=0.8"}

[Method]: GET
[URI]: products/
[Timestamp]: Mon Jan 25 2016 19:12:32 GMT-1000 (HST)
[Headers]: {"host":"localhost:3000","connection":"keep-alive","pragma":"no-cache","cache-control":"no-cache","accept":"text/html,application/xhtml+xml,application/xml;q=0.9,image/webp,*/*;q=0.8","upgrade-insecure-requests":"1","user-agent":"Mozilla/5.0 (X11; Linux x86_64) AppleWebKit/537.36 (KHTML, like Gecko) Chrome/48.0.2564.82 Safari/537.36","accept-encoding":"gzip, deflate, sdch","accept-language":"en-US,en;q=0.8"}

[Method]: GET
[URI]: products/
[Timestamp]: Mon Jan 25 2016 19:18:19 GMT-1000 (HST)
[Headers]: {"host":"localhost:3000","connection":"keep-alive","pragma":"no-cache","cache-control":"no-cache","accept":"text/html,application/xhtml+xml,application/xml;q=0.9,image/webp,*/*;q=0.8","upgrade-insecure-requests":"1","user-agent":"Mozilla/5.0 (X11; Linux x86_64) AppleWebKit/537.36 (KHTML, like Gecko) Chrome/48.0.2564.82 Safari/537.36","accept-encoding":"gzip, deflate, sdch","accept-language":"en-US,en;q=0.8"}

[Method]: GET
[URI]: products
[Timestamp]: Mon Jan 25 2016 19:18:32 GMT-1000 (HST)
[Headers]: {"host":"localhost:3000","connection":"keep-alive","cache-control":"no-cache","user-agent":"Mozilla/5.0 (X11; Linux x86_64) AppleWebKit/537.36 (KHTML, like Gecko) Chrome/48.0.2564.82 Safari/537.36","postman-token":"2283fa67-cef7-2b6a-0213-33b7b4cfdc63","accept":"*/*","accept-encoding":"gzip, deflate, sdch","accept-language":"en-US,en;q=0.8"}

[Method]: GET
[URI]: products
[Timestamp]: Mon Jan 25 2016 19:18:37 GMT-1000 (HST)
[Headers]: {"host":"localhost:3000","connection":"keep-alive","cache-control":"no-cache","user-agent":"Mozilla/5.0 (X11; Linux x86_64) AppleWebKit/537.36 (KHTML, like Gecko) Chrome/48.0.2564.82 Safari/537.36","postman-token":"0d4a3666-b049-5927-d20f-2f62877d7b8d","accept":"*/*","accept-encoding":"gzip, deflate, sdch","accept-language":"en-US,en;q=0.8"}

[Method]: GET
[URI]: products
[Timestamp]: Mon Jan 25 2016 19:18:44 GMT-1000 (HST)
[Headers]: {"host":"localhost:3000","connection":"keep-alive","pragma":"no-cache","cache-control":"no-cache","accept":"text/html,application/xhtml+xml,application/xml;q=0.9,image/webp,*/*;q=0.8","upgrade-insecure-requests":"1","user-agent":"Mozilla/5.0 (X11; Linux x86_64) AppleWebKit/537.36 (KHTML, like Gecko) Chrome/48.0.2564.82 Safari/537.36","accept-encoding":"gzip, deflate, sdch","accept-language":"en-US,en;q=0.8"}

[Method]: GET
[URI]: products
[Timestamp]: Mon Jan 25 2016 19:18:46 GMT-1000 (HST)
[Headers]: {"host":"localhost:3000","connection":"keep-alive","pragma":"no-cache","cache-control":"no-cache","accept":"text/html,application/xhtml+xml,application/xml;q=0.9,image/webp,*/*;q=0.8","upgrade-insecure-requests":"1","user-agent":"Mozilla/5.0 (X11; Linux x86_64) AppleWebKit/537.36 (KHTML, like Gecko) Chrome/48.0.2564.82 Safari/537.36","accept-encoding":"gzip, deflate, sdch","accept-language":"en-US,en;q=0.8"}

[Method]: GET
[URI]: products/
[Timestamp]: Mon Jan 25 2016 19:18:50 GMT-1000 (HST)
[Headers]: {"host":"localhost:3000","connection":"keep-alive","accept":"text/html,application/xhtml+xml,application/xml;q=0.9,image/webp,*/*;q=0.8","upgrade-insecure-requests":"1","user-agent":"Mozilla/5.0 (X11; Linux x86_64) AppleWebKit/537.36 (KHTML, like Gecko) Chrome/48.0.2564.82 Safari/537.36","accept-encoding":"gzip, deflate, sdch","accept-language":"en-US,en;q=0.8"}

[Method]: GET
[URI]: products/
[Timestamp]: Mon Jan 25 2016 19:18:50 GMT-1000 (HST)
[Headers]: {"host":"localhost:3000","connection":"keep-alive","pragma":"no-cache","cache-control":"no-cache","accept":"text/html,application/xhtml+xml,application/xml;q=0.9,image/webp,*/*;q=0.8","upgrade-insecure-requests":"1","user-agent":"Mozilla/5.0 (X11; Linux x86_64) AppleWebKit/537.36 (KHTML, like Gecko) Chrome/48.0.2564.82 Safari/537.36","accept-encoding":"gzip, deflate, sdch","accept-language":"en-US,en;q=0.8"}

[Method]: GET
[URI]: products/
[Timestamp]: Mon Jan 25 2016 19:18:56 GMT-1000 (HST)
[Headers]: {"host":"localhost:3000","connection":"keep-alive","pragma":"no-cache","cache-control":"no-cache","accept":"text/html,application/xhtml+xml,application/xml;q=0.9,image/webp,*/*;q=0.8","upgrade-insecure-requests":"1","user-agent":"Mozilla/5.0 (X11; Linux x86_64) AppleWebKit/537.36 (KHTML, like Gecko) Chrome/48.0.2564.82 Safari/537.36","accept-encoding":"gzip, deflate, sdch","accept-language":"en-US,en;q=0.8"}

[Method]: GET
[URI]: products
[Timestamp]: Mon Jan 25 2016 19:19:04 GMT-1000 (HST)
[Headers]: {"host":"localhost:3000","connection":"keep-alive","pragma":"no-cache","cache-control":"no-cache","accept":"text/html,application/xhtml+xml,application/xml;q=0.9,image/webp,*/*;q=0.8","upgrade-insecure-requests":"1","user-agent":"Mozilla/5.0 (X11; Linux x86_64) AppleWebKit/537.36 (KHTML, like Gecko) Chrome/48.0.2564.82 Safari/537.36","accept-encoding":"gzip, deflate, sdch","accept-language":"en-US,en;q=0.8"}

[Method]: GET
[URI]: products
[Timestamp]: Mon Jan 25 2016 19:19:17 GMT-1000 (HST)
[Headers]: {"host":"localhost:3000","connection":"keep-alive","cache-control":"no-cache","user-agent":"Mozilla/5.0 (X11; Linux x86_64) AppleWebKit/537.36 (KHTML, like Gecko) Chrome/48.0.2564.82 Safari/537.36","postman-token":"37d3148b-fc47-f3c9-9e25-6c29b589fd6d","accept":"*/*","accept-encoding":"gzip, deflate, sdch","accept-language":"en-US,en;q=0.8"}

[Method]: GET
[URI]: products/
[Timestamp]: Mon Jan 25 2016 19:19:21 GMT-1000 (HST)
[Headers]: {"host":"localhost:3000","connection":"keep-alive","cache-control":"no-cache","user-agent":"Mozilla/5.0 (X11; Linux x86_64) AppleWebKit/537.36 (KHTML, like Gecko) Chrome/48.0.2564.82 Safari/537.36","postman-token":"d1bec631-258b-6e3b-7e80-6aef1de452fa","accept":"*/*","accept-encoding":"gzip, deflate, sdch","accept-language":"en-US,en;q=0.8"}

[Method]: GET
[URI]: products/
[Timestamp]: Mon Jan 25 2016 19:19:34 GMT-1000 (HST)
[Headers]: {"host":"localhost:3000","connection":"keep-alive","accept":"text/html,application/xhtml+xml,application/xml;q=0.9,image/webp,*/*;q=0.8","upgrade-insecure-requests":"1","user-agent":"Mozilla/5.0 (X11; Linux x86_64) AppleWebKit/537.36 (KHTML, like Gecko) Chrome/48.0.2564.82 Safari/537.36","accept-encoding":"gzip, deflate, sdch","accept-language":"en-US,en;q=0.8"}

[Method]: GET
[URI]: products/
[Timestamp]: Mon Jan 25 2016 19:19:34 GMT-1000 (HST)
[Headers]: {"host":"localhost:3000","connection":"keep-alive","pragma":"no-cache","cache-control":"no-cache","accept":"text/html,application/xhtml+xml,application/xml;q=0.9,image/webp,*/*;q=0.8","upgrade-insecure-requests":"1","user-agent":"Mozilla/5.0 (X11; Linux x86_64) AppleWebKit/537.36 (KHTML, like Gecko) Chrome/48.0.2564.82 Safari/537.36","accept-encoding":"gzip, deflate, sdch","accept-language":"en-US,en;q=0.8"}

[Method]: GET
[URI]: products/
[Timestamp]: Mon Jan 25 2016 19:19:36 GMT-1000 (HST)
[Headers]: {"host":"localhost:3000","connection":"keep-alive","pragma":"no-cache","cache-control":"no-cache","accept":"text/html,application/xhtml+xml,application/xml;q=0.9,image/webp,*/*;q=0.8","upgrade-insecure-requests":"1","user-agent":"Mozilla/5.0 (X11; Linux x86_64) AppleWebKit/537.36 (KHTML, like Gecko) Chrome/48.0.2564.82 Safari/537.36","accept-encoding":"gzip, deflate, sdch","accept-language":"en-US,en;q=0.8"}

[Method]: GET
[URI]: products
[Timestamp]: Mon Jan 25 2016 19:19:38 GMT-1000 (HST)
[Headers]: {"host":"localhost:3000","connection":"keep-alive","pragma":"no-cache","cache-control":"no-cache","accept":"text/html,application/xhtml+xml,application/xml;q=0.9,image/webp,*/*;q=0.8","upgrade-insecure-requests":"1","user-agent":"Mozilla/5.0 (X11; Linux x86_64) AppleWebKit/537.36 (KHTML, like Gecko) Chrome/48.0.2564.82 Safari/537.36","accept-encoding":"gzip, deflate, sdch","accept-language":"en-US,en;q=0.8"}

[Method]: GET
[URI]: products
[Timestamp]: Mon Jan 25 2016 19:19:41 GMT-1000 (HST)
[Headers]: {"host":"localhost:3000","connection":"keep-alive","pragma":"no-cache","cache-control":"no-cache","accept":"text/html,application/xhtml+xml,application/xml;q=0.9,image/webp,*/*;q=0.8","upgrade-insecure-requests":"1","user-agent":"Mozilla/5.0 (X11; Linux x86_64) AppleWebKit/537.36 (KHTML, like Gecko) Chrome/48.0.2564.82 Safari/537.36","accept-encoding":"gzip, deflate, sdch","accept-language":"en-US,en;q=0.8"}

[Method]: GET
[URI]: products
[Timestamp]: Mon Jan 25 2016 19:19:41 GMT-1000 (HST)
[Headers]: {"host":"localhost:3000","connection":"keep-alive","pragma":"no-cache","cache-control":"no-cache","accept":"text/html,application/xhtml+xml,application/xml;q=0.9,image/webp,*/*;q=0.8","upgrade-insecure-requests":"1","user-agent":"Mozilla/5.0 (X11; Linux x86_64) AppleWebKit/537.36 (KHTML, like Gecko) Chrome/48.0.2564.82 Safari/537.36","accept-encoding":"gzip, deflate, sdch","accept-language":"en-US,en;q=0.8"}

[Method]: GET
[URI]: products/
[Timestamp]: Mon Jan 25 2016 19:20:30 GMT-1000 (HST)
[Headers]: {"host":"localhost:3000","connection":"keep-alive","cache-control":"no-cache","user-agent":"Mozilla/5.0 (X11; Linux x86_64) AppleWebKit/537.36 (KHTML, like Gecko) Chrome/48.0.2564.82 Safari/537.36","postman-token":"2e889ad4-e0b7-94d6-a9c2-4317c3c86265","accept":"*/*","accept-encoding":"gzip, deflate, sdch","accept-language":"en-US,en;q=0.8"}

[Method]: GET
[URI]: products
[Timestamp]: Mon Jan 25 2016 19:20:34 GMT-1000 (HST)
[Headers]: {"host":"localhost:3000","connection":"keep-alive","cache-control":"no-cache","user-agent":"Mozilla/5.0 (X11; Linux x86_64) AppleWebKit/537.36 (KHTML, like Gecko) Chrome/48.0.2564.82 Safari/537.36","postman-token":"2bce954e-dc63-9f39-311b-ecfe42abfca8","accept":"*/*","accept-encoding":"gzip, deflate, sdch","accept-language":"en-US,en;q=0.8"}

[Method]: GET
[URI]: products
[Timestamp]: Mon Jan 25 2016 19:20:44 GMT-1000 (HST)
[Headers]: {"host":"localhost:3000","connection":"keep-alive","cache-control":"no-cache","user-agent":"Mozilla/5.0 (X11; Linux x86_64) AppleWebKit/537.36 (KHTML, like Gecko) Chrome/48.0.2564.82 Safari/537.36","postman-token":"e1616293-4d8b-eed8-97c0-16356421ecb3","accept":"*/*","accept-encoding":"gzip, deflate, sdch","accept-language":"en-US,en;q=0.8"}

[Method]: GET
[URI]: products/
[Timestamp]: Mon Jan 25 2016 19:20:47 GMT-1000 (HST)
[Headers]: {"host":"localhost:3000","connection":"keep-alive","cache-control":"no-cache","user-agent":"Mozilla/5.0 (X11; Linux x86_64) AppleWebKit/537.36 (KHTML, like Gecko) Chrome/48.0.2564.82 Safari/537.36","postman-token":"d878963b-13b5-47e8-0720-0f8d5027e240","accept":"*/*","accept-encoding":"gzip, deflate, sdch","accept-language":"en-US,en;q=0.8"}

[Method]: GET
[URI]: products
[Timestamp]: Mon Jan 25 2016 19:20:52 GMT-1000 (HST)
[Headers]: {"host":"localhost:3000","connection":"keep-alive","cache-control":"no-cache","user-agent":"Mozilla/5.0 (X11; Linux x86_64) AppleWebKit/537.36 (KHTML, like Gecko) Chrome/48.0.2564.82 Safari/537.36","postman-token":"8703f7fd-caa8-b6ce-5ddb-1a006ea018b5","accept":"*/*","accept-encoding":"gzip, deflate, sdch","accept-language":"en-US,en;q=0.8"}

[Method]: GET
[URI]: products
[Timestamp]: Mon Jan 25 2016 19:20:58 GMT-1000 (HST)
[Headers]: {"host":"localhost:3000","connection":"keep-alive","cache-control":"no-cache","user-agent":"Mozilla/5.0 (X11; Linux x86_64) AppleWebKit/537.36 (KHTML, like Gecko) Chrome/48.0.2564.82 Safari/537.36","postman-token":"0adb94a6-a3f0-8ba1-0643-29342e11bca3","accept":"*/*","accept-encoding":"gzip, deflate, sdch","accept-language":"en-US,en;q=0.8"}

[Method]: GET
[URI]: products
[Timestamp]: Mon Jan 25 2016 19:20:58 GMT-1000 (HST)
[Headers]: {"host":"localhost:3000","connection":"keep-alive","cache-control":"no-cache","user-agent":"Mozilla/5.0 (X11; Linux x86_64) AppleWebKit/537.36 (KHTML, like Gecko) Chrome/48.0.2564.82 Safari/537.36","postman-token":"18e449b3-2c90-062b-8658-dd1ed8a23e71","accept":"*/*","accept-encoding":"gzip, deflate, sdch","accept-language":"en-US,en;q=0.8"}

[Method]: GET
[URI]: products
[Timestamp]: Mon Jan 25 2016 19:20:59 GMT-1000 (HST)
[Headers]: {"host":"localhost:3000","connection":"keep-alive","cache-control":"no-cache","user-agent":"Mozilla/5.0 (X11; Linux x86_64) AppleWebKit/537.36 (KHTML, like Gecko) Chrome/48.0.2564.82 Safari/537.36","postman-token":"b07bf4bf-863b-d50f-6292-0c875e52b9e5","accept":"*/*","accept-encoding":"gzip, deflate, sdch","accept-language":"en-US,en;q=0.8"}

[Method]: GET
[URI]: products/
[Timestamp]: Mon Jan 25 2016 19:21:01 GMT-1000 (HST)
[Headers]: {"host":"localhost:3000","connection":"keep-alive","cache-control":"no-cache","user-agent":"Mozilla/5.0 (X11; Linux x86_64) AppleWebKit/537.36 (KHTML, like Gecko) Chrome/48.0.2564.82 Safari/537.36","postman-token":"5b4e4a06-1d4e-1713-790c-4bea44a7b5d7","accept":"*/*","accept-encoding":"gzip, deflate, sdch","accept-language":"en-US,en;q=0.8"}

[Method]: GET
[URI]: products/
[Timestamp]: Mon Jan 25 2016 19:21:06 GMT-1000 (HST)
[Headers]: {"host":"localhost:3000","connection":"keep-alive","cache-control":"no-cache","user-agent":"Mozilla/5.0 (X11; Linux x86_64) AppleWebKit/537.36 (KHTML, like Gecko) Chrome/48.0.2564.82 Safari/537.36","postman-token":"f3272aed-c2bb-62f7-e27d-7e27c83fd62b","accept":"*/*","accept-encoding":"gzip, deflate, sdch","accept-language":"en-US,en;q=0.8"}

[Method]: GET
[URI]: products
[Timestamp]: Mon Jan 25 2016 19:21:08 GMT-1000 (HST)
[Headers]: {"host":"localhost:3000","connection":"keep-alive","cache-control":"no-cache","user-agent":"Mozilla/5.0 (X11; Linux x86_64) AppleWebKit/537.36 (KHTML, like Gecko) Chrome/48.0.2564.82 Safari/537.36","postman-token":"3bf1254e-bd9d-da87-80f5-88fbaa22bab0","accept":"*/*","accept-encoding":"gzip, deflate, sdch","accept-language":"en-US,en;q=0.8"}

[Method]: GET
[URI]: products
[Timestamp]: Mon Jan 25 2016 19:21:35 GMT-1000 (HST)
[Headers]: {"host":"localhost:3000","connection":"keep-alive","cache-control":"no-cache","user-agent":"Mozilla/5.0 (X11; Linux x86_64) AppleWebKit/537.36 (KHTML, like Gecko) Chrome/48.0.2564.82 Safari/537.36","postman-token":"d2793479-217c-a285-96c5-f35cb167db31","accept":"*/*","accept-encoding":"gzip, deflate, sdch","accept-language":"en-US,en;q=0.8"}

[Method]: GET
[URI]: products
[Timestamp]: Mon Jan 25 2016 19:21:39 GMT-1000 (HST)
[Headers]: {"host":"localhost:3000","connection":"keep-alive","cache-control":"no-cache","user-agent":"Mozilla/5.0 (X11; Linux x86_64) AppleWebKit/537.36 (KHTML, like Gecko) Chrome/48.0.2564.82 Safari/537.36","postman-token":"c8259e90-d8f0-7f88-0f51-c37a1c4397bf","accept":"*/*","accept-encoding":"gzip, deflate, sdch","accept-language":"en-US,en;q=0.8"}

[Method]: GET
[URI]: products
[Timestamp]: Mon Jan 25 2016 19:21:44 GMT-1000 (HST)
[Headers]: {"host":"localhost:3000","connection":"keep-alive","cache-control":"no-cache","user-agent":"Mozilla/5.0 (X11; Linux x86_64) AppleWebKit/537.36 (KHTML, like Gecko) Chrome/48.0.2564.82 Safari/537.36","postman-token":"a1852632-8ab9-5f37-a830-e209581eef13","accept":"*/*","accept-encoding":"gzip, deflate, sdch","accept-language":"en-US,en;q=0.8"}

[Method]: GET
[URI]: products
[Timestamp]: Mon Jan 25 2016 19:21:44 GMT-1000 (HST)
[Headers]: {"host":"localhost:3000","connection":"keep-alive","cache-control":"no-cache","user-agent":"Mozilla/5.0 (X11; Linux x86_64) AppleWebKit/537.36 (KHTML, like Gecko) Chrome/48.0.2564.82 Safari/537.36","postman-token":"fc51ab26-47ba-30fd-ae71-4b3f24a69b3e","accept":"*/*","accept-encoding":"gzip, deflate, sdch","accept-language":"en-US,en;q=0.8"}

[Method]: GET
[URI]: products
[Timestamp]: Mon Jan 25 2016 19:21:45 GMT-1000 (HST)
[Headers]: {"host":"localhost:3000","connection":"keep-alive","cache-control":"no-cache","user-agent":"Mozilla/5.0 (X11; Linux x86_64) AppleWebKit/537.36 (KHTML, like Gecko) Chrome/48.0.2564.82 Safari/537.36","postman-token":"3c59e4ce-86ba-c13e-a1b4-28823d21ea25","accept":"*/*","accept-encoding":"gzip, deflate, sdch","accept-language":"en-US,en;q=0.8"}

[Method]: GET
[URI]: products
[Timestamp]: Mon Jan 25 2016 19:21:46 GMT-1000 (HST)
[Headers]: {"host":"localhost:3000","connection":"keep-alive","cache-control":"no-cache","user-agent":"Mozilla/5.0 (X11; Linux x86_64) AppleWebKit/537.36 (KHTML, like Gecko) Chrome/48.0.2564.82 Safari/537.36","postman-token":"0813e337-9111-59d0-50e4-ed16e5ba5585","accept":"*/*","accept-encoding":"gzip, deflate, sdch","accept-language":"en-US,en;q=0.8"}

[Method]: GET
[URI]: products
[Timestamp]: Mon Jan 25 2016 19:21:46 GMT-1000 (HST)
[Headers]: {"host":"localhost:3000","connection":"keep-alive","cache-control":"no-cache","user-agent":"Mozilla/5.0 (X11; Linux x86_64) AppleWebKit/537.36 (KHTML, like Gecko) Chrome/48.0.2564.82 Safari/537.36","postman-token":"ef446641-82ef-a738-7c7a-c33635d767ad","accept":"*/*","accept-encoding":"gzip, deflate, sdch","accept-language":"en-US,en;q=0.8"}

[Method]: GET
[URI]: products
[Timestamp]: Mon Jan 25 2016 19:21:47 GMT-1000 (HST)
[Headers]: {"host":"localhost:3000","connection":"keep-alive","cache-control":"no-cache","user-agent":"Mozilla/5.0 (X11; Linux x86_64) AppleWebKit/537.36 (KHTML, like Gecko) Chrome/48.0.2564.82 Safari/537.36","postman-token":"65a305da-32d4-53eb-fef5-ae61bc3210a7","accept":"*/*","accept-encoding":"gzip, deflate, sdch","accept-language":"en-US,en;q=0.8"}

[Method]: GET
[URI]: products
[Timestamp]: Mon Jan 25 2016 19:21:47 GMT-1000 (HST)
[Headers]: {"host":"localhost:3000","connection":"keep-alive","cache-control":"no-cache","user-agent":"Mozilla/5.0 (X11; Linux x86_64) AppleWebKit/537.36 (KHTML, like Gecko) Chrome/48.0.2564.82 Safari/537.36","postman-token":"ffe306d8-0995-1b88-38ae-798ef5ceeb27","accept":"*/*","accept-encoding":"gzip, deflate, sdch","accept-language":"en-US,en;q=0.8"}

[Method]: GET
[URI]: products
[Timestamp]: Mon Jan 25 2016 19:21:47 GMT-1000 (HST)
[Headers]: {"host":"localhost:3000","connection":"keep-alive","cache-control":"no-cache","user-agent":"Mozilla/5.0 (X11; Linux x86_64) AppleWebKit/537.36 (KHTML, like Gecko) Chrome/48.0.2564.82 Safari/537.36","postman-token":"262644c8-e2d8-5bbc-8df9-41d66c35e07e","accept":"*/*","accept-encoding":"gzip, deflate, sdch","accept-language":"en-US,en;q=0.8"}

[Method]: GET
[URI]: products
[Timestamp]: Mon Jan 25 2016 19:21:51 GMT-1000 (HST)
[Headers]: {"host":"localhost:3000","connection":"keep-alive","cache-control":"no-cache","user-agent":"Mozilla/5.0 (X11; Linux x86_64) AppleWebKit/537.36 (KHTML, like Gecko) Chrome/48.0.2564.82 Safari/537.36","postman-token":"b40116d6-7974-0bc0-b6b7-2d7d3d96efc5","accept":"*/*","accept-encoding":"gzip, deflate, sdch","accept-language":"en-US,en;q=0.8"}

[Method]: GET
[URI]: products
[Timestamp]: Mon Jan 25 2016 19:21:52 GMT-1000 (HST)
[Headers]: {"host":"localhost:3000","connection":"keep-alive","cache-control":"no-cache","user-agent":"Mozilla/5.0 (X11; Linux x86_64) AppleWebKit/537.36 (KHTML, like Gecko) Chrome/48.0.2564.82 Safari/537.36","postman-token":"c24fb938-8452-8bcc-06dd-75d0847a68d5","accept":"*/*","accept-encoding":"gzip, deflate, sdch","accept-language":"en-US,en;q=0.8"}

[Method]: GET
[URI]: products
[Timestamp]: Mon Jan 25 2016 19:21:53 GMT-1000 (HST)
[Headers]: {"host":"localhost:3000","connection":"keep-alive","cache-control":"no-cache","user-agent":"Mozilla/5.0 (X11; Linux x86_64) AppleWebKit/537.36 (KHTML, like Gecko) Chrome/48.0.2564.82 Safari/537.36","postman-token":"a4c1d911-afd3-ba62-4676-3dfa9cd35752","accept":"*/*","accept-encoding":"gzip, deflate, sdch","accept-language":"en-US,en;q=0.8"}

[Method]: GET
[URI]: products
[Timestamp]: Mon Jan 25 2016 19:21:53 GMT-1000 (HST)
[Headers]: {"host":"localhost:3000","connection":"keep-alive","cache-control":"no-cache","user-agent":"Mozilla/5.0 (X11; Linux x86_64) AppleWebKit/537.36 (KHTML, like Gecko) Chrome/48.0.2564.82 Safari/537.36","postman-token":"26539de7-59d2-ac76-ae9c-04117220dfb0","accept":"*/*","accept-encoding":"gzip, deflate, sdch","accept-language":"en-US,en;q=0.8"}

[Method]: GET
[URI]: products
[Timestamp]: Mon Jan 25 2016 19:21:54 GMT-1000 (HST)
[Headers]: {"host":"localhost:3000","connection":"keep-alive","cache-control":"no-cache","user-agent":"Mozilla/5.0 (X11; Linux x86_64) AppleWebKit/537.36 (KHTML, like Gecko) Chrome/48.0.2564.82 Safari/537.36","postman-token":"52c3b7a3-1406-6514-e9ba-2e88aebd219e","accept":"*/*","accept-encoding":"gzip, deflate, sdch","accept-language":"en-US,en;q=0.8"}

[Method]: GET
[URI]: products
[Timestamp]: Mon Jan 25 2016 19:21:54 GMT-1000 (HST)
[Headers]: {"host":"localhost:3000","connection":"keep-alive","cache-control":"no-cache","user-agent":"Mozilla/5.0 (X11; Linux x86_64) AppleWebKit/537.36 (KHTML, like Gecko) Chrome/48.0.2564.82 Safari/537.36","postman-token":"30adaadf-d66d-a56f-c779-4d7cea2885b8","accept":"*/*","accept-encoding":"gzip, deflate, sdch","accept-language":"en-US,en;q=0.8"}

[Method]: GET
[URI]: products
[Timestamp]: Mon Jan 25 2016 19:21:55 GMT-1000 (HST)
[Headers]: {"host":"localhost:3000","connection":"keep-alive","cache-control":"no-cache","user-agent":"Mozilla/5.0 (X11; Linux x86_64) AppleWebKit/537.36 (KHTML, like Gecko) Chrome/48.0.2564.82 Safari/537.36","postman-token":"4dd28d33-df57-99d6-d82e-5c7f5cd9fd7e","accept":"*/*","accept-encoding":"gzip, deflate, sdch","accept-language":"en-US,en;q=0.8"}

[Method]: GET
[URI]: products
[Timestamp]: Mon Jan 25 2016 19:21:55 GMT-1000 (HST)
[Headers]: {"host":"localhost:3000","connection":"keep-alive","cache-control":"no-cache","user-agent":"Mozilla/5.0 (X11; Linux x86_64) AppleWebKit/537.36 (KHTML, like Gecko) Chrome/48.0.2564.82 Safari/537.36","postman-token":"c8e42fb8-3f86-9187-b517-aab948e70035","accept":"*/*","accept-encoding":"gzip, deflate, sdch","accept-language":"en-US,en;q=0.8"}

[Method]: GET
[URI]: products
[Timestamp]: Mon Jan 25 2016 19:22:08 GMT-1000 (HST)
[Headers]: {"host":"localhost:3000","connection":"keep-alive","pragma":"no-cache","cache-control":"no-cache","accept":"text/html,application/xhtml+xml,application/xml;q=0.9,image/webp,*/*;q=0.8","upgrade-insecure-requests":"1","user-agent":"Mozilla/5.0 (X11; Linux x86_64) AppleWebKit/537.36 (KHTML, like Gecko) Chrome/48.0.2564.82 Safari/537.36","accept-encoding":"gzip, deflate, sdch","accept-language":"en-US,en;q=0.8"}

[Method]: GET
[URI]: products
[Timestamp]: Mon Jan 25 2016 19:22:10 GMT-1000 (HST)
[Headers]: {"host":"localhost:3000","connection":"keep-alive","pragma":"no-cache","cache-control":"no-cache","accept":"text/html,application/xhtml+xml,application/xml;q=0.9,image/webp,*/*;q=0.8","upgrade-insecure-requests":"1","user-agent":"Mozilla/5.0 (X11; Linux x86_64) AppleWebKit/537.36 (KHTML, like Gecko) Chrome/48.0.2564.82 Safari/537.36","accept-encoding":"gzip, deflate, sdch","accept-language":"en-US,en;q=0.8"}

[Method]: GET
[URI]: products
[Timestamp]: Mon Jan 25 2016 19:22:10 GMT-1000 (HST)
[Headers]: {"host":"localhost:3000","connection":"keep-alive","pragma":"no-cache","cache-control":"no-cache","accept":"text/html,application/xhtml+xml,application/xml;q=0.9,image/webp,*/*;q=0.8","upgrade-insecure-requests":"1","user-agent":"Mozilla/5.0 (X11; Linux x86_64) AppleWebKit/537.36 (KHTML, like Gecko) Chrome/48.0.2564.82 Safari/537.36","accept-encoding":"gzip, deflate, sdch","accept-language":"en-US,en;q=0.8"}

[Method]: GET
[URI]: products
[Timestamp]: Mon Jan 25 2016 19:22:11 GMT-1000 (HST)
[Headers]: {"host":"localhost:3000","connection":"keep-alive","pragma":"no-cache","cache-control":"no-cache","accept":"text/html,application/xhtml+xml,application/xml;q=0.9,image/webp,*/*;q=0.8","upgrade-insecure-requests":"1","user-agent":"Mozilla/5.0 (X11; Linux x86_64) AppleWebKit/537.36 (KHTML, like Gecko) Chrome/48.0.2564.82 Safari/537.36","accept-encoding":"gzip, deflate, sdch","accept-language":"en-US,en;q=0.8"}

[Method]: GET
[URI]: products
[Timestamp]: Mon Jan 25 2016 19:22:11 GMT-1000 (HST)
[Headers]: {"host":"localhost:3000","connection":"keep-alive","pragma":"no-cache","cache-control":"no-cache","accept":"text/html,application/xhtml+xml,application/xml;q=0.9,image/webp,*/*;q=0.8","upgrade-insecure-requests":"1","user-agent":"Mozilla/5.0 (X11; Linux x86_64) AppleWebKit/537.36 (KHTML, like Gecko) Chrome/48.0.2564.82 Safari/537.36","accept-encoding":"gzip, deflate, sdch","accept-language":"en-US,en;q=0.8"}

[Method]: GET
[URI]: products
[Timestamp]: Mon Jan 25 2016 19:22:11 GMT-1000 (HST)
[Headers]: {"host":"localhost:3000","connection":"keep-alive","pragma":"no-cache","cache-control":"no-cache","accept":"text/html,application/xhtml+xml,application/xml;q=0.9,image/webp,*/*;q=0.8","upgrade-insecure-requests":"1","user-agent":"Mozilla/5.0 (X11; Linux x86_64) AppleWebKit/537.36 (KHTML, like Gecko) Chrome/48.0.2564.82 Safari/537.36","accept-encoding":"gzip, deflate, sdch","accept-language":"en-US,en;q=0.8"}

[Method]: GET
[URI]: products
[Timestamp]: Mon Jan 25 2016 19:22:12 GMT-1000 (HST)
[Headers]: {"host":"localhost:3000","connection":"keep-alive","pragma":"no-cache","cache-control":"no-cache","accept":"text/html,application/xhtml+xml,application/xml;q=0.9,image/webp,*/*;q=0.8","upgrade-insecure-requests":"1","user-agent":"Mozilla/5.0 (X11; Linux x86_64) AppleWebKit/537.36 (KHTML, like Gecko) Chrome/48.0.2564.82 Safari/537.36","accept-encoding":"gzip, deflate, sdch","accept-language":"en-US,en;q=0.8"}

[Method]: GET
[URI]: products
[Timestamp]: Mon Jan 25 2016 19:22:12 GMT-1000 (HST)
[Headers]: {"host":"localhost:3000","connection":"keep-alive","pragma":"no-cache","cache-control":"no-cache","accept":"text/html,application/xhtml+xml,application/xml;q=0.9,image/webp,*/*;q=0.8","upgrade-insecure-requests":"1","user-agent":"Mozilla/5.0 (X11; Linux x86_64) AppleWebKit/537.36 (KHTML, like Gecko) Chrome/48.0.2564.82 Safari/537.36","accept-encoding":"gzip, deflate, sdch","accept-language":"en-US,en;q=0.8"}

[Method]: GET
[URI]: products
[Timestamp]: Mon Jan 25 2016 19:22:12 GMT-1000 (HST)
[Headers]: {"host":"localhost:3000","connection":"keep-alive","pragma":"no-cache","cache-control":"no-cache","accept":"text/html,application/xhtml+xml,application/xml;q=0.9,image/webp,*/*;q=0.8","upgrade-insecure-requests":"1","user-agent":"Mozilla/5.0 (X11; Linux x86_64) AppleWebKit/537.36 (KHTML, like Gecko) Chrome/48.0.2564.82 Safari/537.36","accept-encoding":"gzip, deflate, sdch","accept-language":"en-US,en;q=0.8"}

[Method]: GET
[URI]: products
[Timestamp]: Mon Jan 25 2016 19:22:12 GMT-1000 (HST)
[Headers]: {"host":"localhost:3000","connection":"keep-alive","pragma":"no-cache","cache-control":"no-cache","accept":"text/html,application/xhtml+xml,application/xml;q=0.9,image/webp,*/*;q=0.8","upgrade-insecure-requests":"1","user-agent":"Mozilla/5.0 (X11; Linux x86_64) AppleWebKit/537.36 (KHTML, like Gecko) Chrome/48.0.2564.82 Safari/537.36","accept-encoding":"gzip, deflate, sdch","accept-language":"en-US,en;q=0.8"}

[Method]: GET
[URI]: products
[Timestamp]: Mon Jan 25 2016 19:22:12 GMT-1000 (HST)
[Headers]: {"host":"localhost:3000","connection":"keep-alive","pragma":"no-cache","cache-control":"no-cache","accept":"text/html,application/xhtml+xml,application/xml;q=0.9,image/webp,*/*;q=0.8","upgrade-insecure-requests":"1","user-agent":"Mozilla/5.0 (X11; Linux x86_64) AppleWebKit/537.36 (KHTML, like Gecko) Chrome/48.0.2564.82 Safari/537.36","accept-encoding":"gzip, deflate, sdch","accept-language":"en-US,en;q=0.8"}

[Method]: GET
[URI]: products
[Timestamp]: Mon Jan 25 2016 19:22:12 GMT-1000 (HST)
[Headers]: {"host":"localhost:3000","connection":"keep-alive","pragma":"no-cache","cache-control":"no-cache","accept":"text/html,application/xhtml+xml,application/xml;q=0.9,image/webp,*/*;q=0.8","upgrade-insecure-requests":"1","user-agent":"Mozilla/5.0 (X11; Linux x86_64) AppleWebKit/537.36 (KHTML, like Gecko) Chrome/48.0.2564.82 Safari/537.36","accept-encoding":"gzip, deflate, sdch","accept-language":"en-US,en;q=0.8"}

[Method]: GET
[URI]: products
[Timestamp]: Mon Jan 25 2016 19:22:13 GMT-1000 (HST)
[Headers]: {"host":"localhost:3000","connection":"keep-alive","pragma":"no-cache","cache-control":"no-cache","accept":"text/html,application/xhtml+xml,application/xml;q=0.9,image/webp,*/*;q=0.8","upgrade-insecure-requests":"1","user-agent":"Mozilla/5.0 (X11; Linux x86_64) AppleWebKit/537.36 (KHTML, like Gecko) Chrome/48.0.2564.82 Safari/537.36","accept-encoding":"gzip, deflate, sdch","accept-language":"en-US,en;q=0.8"}

[Method]: GET
[URI]: products
[Timestamp]: Mon Jan 25 2016 19:22:13 GMT-1000 (HST)
[Headers]: {"host":"localhost:3000","connection":"keep-alive","pragma":"no-cache","cache-control":"no-cache","accept":"text/html,application/xhtml+xml,application/xml;q=0.9,image/webp,*/*;q=0.8","upgrade-insecure-requests":"1","user-agent":"Mozilla/5.0 (X11; Linux x86_64) AppleWebKit/537.36 (KHTML, like Gecko) Chrome/48.0.2564.82 Safari/537.36","accept-encoding":"gzip, deflate, sdch","accept-language":"en-US,en;q=0.8"}

[Method]: GET
[URI]: products
[Timestamp]: Mon Jan 25 2016 19:22:13 GMT-1000 (HST)
[Headers]: {"host":"localhost:3000","connection":"keep-alive","pragma":"no-cache","cache-control":"no-cache","accept":"text/html,application/xhtml+xml,application/xml;q=0.9,image/webp,*/*;q=0.8","upgrade-insecure-requests":"1","user-agent":"Mozilla/5.0 (X11; Linux x86_64) AppleWebKit/537.36 (KHTML, like Gecko) Chrome/48.0.2564.82 Safari/537.36","accept-encoding":"gzip, deflate, sdch","accept-language":"en-US,en;q=0.8"}

[Method]: GET
[URI]: products
[Timestamp]: Mon Jan 25 2016 19:23:07 GMT-1000 (HST)
[Headers]: {"host":"localhost:3000","connection":"keep-alive","pragma":"no-cache","cache-control":"no-cache","accept":"text/html,application/xhtml+xml,application/xml;q=0.9,image/webp,*/*;q=0.8","upgrade-insecure-requests":"1","user-agent":"Mozilla/5.0 (X11; Linux x86_64) AppleWebKit/537.36 (KHTML, like Gecko) Chrome/48.0.2564.82 Safari/537.36","accept-encoding":"gzip, deflate, sdch","accept-language":"en-US,en;q=0.8"}

[Method]: GET
[URI]: products
[Timestamp]: Mon Jan 25 2016 19:23:10 GMT-1000 (HST)
[Headers]: {"host":"localhost:3000","connection":"keep-alive","pragma":"no-cache","cache-control":"no-cache","accept":"text/html,application/xhtml+xml,application/xml;q=0.9,image/webp,*/*;q=0.8","upgrade-insecure-requests":"1","user-agent":"Mozilla/5.0 (X11; Linux x86_64) AppleWebKit/537.36 (KHTML, like Gecko) Chrome/48.0.2564.82 Safari/537.36","accept-encoding":"gzip, deflate, sdch","accept-language":"en-US,en;q=0.8"}

[Method]: GET
[URI]: products
[Timestamp]: Mon Jan 25 2016 19:23:13 GMT-1000 (HST)
[Headers]: {"host":"localhost:3000","connection":"keep-alive","pragma":"no-cache","cache-control":"no-cache","accept":"text/html,application/xhtml+xml,application/xml;q=0.9,image/webp,*/*;q=0.8","upgrade-insecure-requests":"1","user-agent":"Mozilla/5.0 (X11; Linux x86_64) AppleWebKit/537.36 (KHTML, like Gecko) Chrome/48.0.2564.82 Safari/537.36","accept-encoding":"gzip, deflate, sdch","accept-language":"en-US,en;q=0.8"}

[Method]: GET
[URI]: products
[Timestamp]: Mon Jan 25 2016 19:23:13 GMT-1000 (HST)
[Headers]: {"host":"localhost:3000","connection":"keep-alive","pragma":"no-cache","cache-control":"no-cache","accept":"text/html,application/xhtml+xml,application/xml;q=0.9,image/webp,*/*;q=0.8","upgrade-insecure-requests":"1","user-agent":"Mozilla/5.0 (X11; Linux x86_64) AppleWebKit/537.36 (KHTML, like Gecko) Chrome/48.0.2564.82 Safari/537.36","accept-encoding":"gzip, deflate, sdch","accept-language":"en-US,en;q=0.8"}

[Method]: GET
[URI]: products
[Timestamp]: Mon Jan 25 2016 19:23:14 GMT-1000 (HST)
[Headers]: {"host":"localhost:3000","connection":"keep-alive","pragma":"no-cache","cache-control":"no-cache","accept":"text/html,application/xhtml+xml,application/xml;q=0.9,image/webp,*/*;q=0.8","upgrade-insecure-requests":"1","user-agent":"Mozilla/5.0 (X11; Linux x86_64) AppleWebKit/537.36 (KHTML, like Gecko) Chrome/48.0.2564.82 Safari/537.36","accept-encoding":"gzip, deflate, sdch","accept-language":"en-US,en;q=0.8"}

[Method]: GET
[URI]: products
[Timestamp]: Mon Jan 25 2016 19:23:14 GMT-1000 (HST)
[Headers]: {"host":"localhost:3000","connection":"keep-alive","pragma":"no-cache","cache-control":"no-cache","accept":"text/html,application/xhtml+xml,application/xml;q=0.9,image/webp,*/*;q=0.8","upgrade-insecure-requests":"1","user-agent":"Mozilla/5.0 (X11; Linux x86_64) AppleWebKit/537.36 (KHTML, like Gecko) Chrome/48.0.2564.82 Safari/537.36","accept-encoding":"gzip, deflate, sdch","accept-language":"en-US,en;q=0.8"}

[Method]: GET
[URI]: products
[Timestamp]: Mon Jan 25 2016 19:23:14 GMT-1000 (HST)
[Headers]: {"host":"localhost:3000","connection":"keep-alive","pragma":"no-cache","cache-control":"no-cache","accept":"text/html,application/xhtml+xml,application/xml;q=0.9,image/webp,*/*;q=0.8","upgrade-insecure-requests":"1","user-agent":"Mozilla/5.0 (X11; Linux x86_64) AppleWebKit/537.36 (KHTML, like Gecko) Chrome/48.0.2564.82 Safari/537.36","accept-encoding":"gzip, deflate, sdch","accept-language":"en-US,en;q=0.8"}

[Method]: GET
[URI]: products
[Timestamp]: Mon Jan 25 2016 19:23:14 GMT-1000 (HST)
[Headers]: {"host":"localhost:3000","connection":"keep-alive","pragma":"no-cache","cache-control":"no-cache","accept":"text/html,application/xhtml+xml,application/xml;q=0.9,image/webp,*/*;q=0.8","upgrade-insecure-requests":"1","user-agent":"Mozilla/5.0 (X11; Linux x86_64) AppleWebKit/537.36 (KHTML, like Gecko) Chrome/48.0.2564.82 Safari/537.36","accept-encoding":"gzip, deflate, sdch","accept-language":"en-US,en;q=0.8"}

[Method]: GET
[URI]: products
[Timestamp]: Mon Jan 25 2016 19:23:14 GMT-1000 (HST)
[Headers]: {"host":"localhost:3000","connection":"keep-alive","pragma":"no-cache","cache-control":"no-cache","accept":"text/html,application/xhtml+xml,application/xml;q=0.9,image/webp,*/*;q=0.8","upgrade-insecure-requests":"1","user-agent":"Mozilla/5.0 (X11; Linux x86_64) AppleWebKit/537.36 (KHTML, like Gecko) Chrome/48.0.2564.82 Safari/537.36","accept-encoding":"gzip, deflate, sdch","accept-language":"en-US,en;q=0.8"}

[Method]: GET
[URI]: products
[Timestamp]: Mon Jan 25 2016 19:24:26 GMT-1000 (HST)
[Headers]: {"host":"localhost:3000","connection":"keep-alive","pragma":"no-cache","cache-control":"no-cache","accept":"text/html,application/xhtml+xml,application/xml;q=0.9,image/webp,*/*;q=0.8","upgrade-insecure-requests":"1","user-agent":"Mozilla/5.0 (X11; Linux x86_64) AppleWebKit/537.36 (KHTML, like Gecko) Chrome/48.0.2564.82 Safari/537.36","accept-encoding":"gzip, deflate, sdch","accept-language":"en-US,en;q=0.8"}

[Method]: GET
[URI]: products
[Timestamp]: Mon Jan 25 2016 19:24:30 GMT-1000 (HST)
[Headers]: {"host":"localhost:3000","connection":"keep-alive","pragma":"no-cache","cache-control":"no-cache","accept":"text/html,application/xhtml+xml,application/xml;q=0.9,image/webp,*/*;q=0.8","upgrade-insecure-requests":"1","user-agent":"Mozilla/5.0 (X11; Linux x86_64) AppleWebKit/537.36 (KHTML, like Gecko) Chrome/48.0.2564.82 Safari/537.36","accept-encoding":"gzip, deflate, sdch","accept-language":"en-US,en;q=0.8"}

[Method]: GET
[URI]: products
[Timestamp]: Mon Jan 25 2016 19:34:19 GMT-1000 (HST)
[Headers]: {"host":"localhost:3000","connection":"keep-alive","pragma":"no-cache","cache-control":"no-cache","accept":"text/html,application/xhtml+xml,application/xml;q=0.9,image/webp,*/*;q=0.8","upgrade-insecure-requests":"1","user-agent":"Mozilla/5.0 (X11; Linux x86_64) AppleWebKit/537.36 (KHTML, like Gecko) Chrome/48.0.2564.82 Safari/537.36","accept-encoding":"gzip, deflate, sdch","accept-language":"en-US,en;q=0.8"}

[Method]: GET
[URI]: products
[Timestamp]: Mon Jan 25 2016 19:34:21 GMT-1000 (HST)
[Headers]: {"host":"localhost:3000","connection":"keep-alive","pragma":"no-cache","cache-control":"no-cache","accept":"text/html,application/xhtml+xml,application/xml;q=0.9,image/webp,*/*;q=0.8","upgrade-insecure-requests":"1","user-agent":"Mozilla/5.0 (X11; Linux x86_64) AppleWebKit/537.36 (KHTML, like Gecko) Chrome/48.0.2564.82 Safari/537.36","accept-encoding":"gzip, deflate, sdch","accept-language":"en-US,en;q=0.8"}

[Method]: GET
[URI]: products
[Timestamp]: Mon Jan 25 2016 19:40:50 GMT-1000 (HST)
[Headers]: {"host":"localhost:3000","connection":"keep-alive","pragma":"no-cache","cache-control":"no-cache","accept":"text/html,application/xhtml+xml,application/xml;q=0.9,image/webp,*/*;q=0.8","upgrade-insecure-requests":"1","user-agent":"Mozilla/5.0 (X11; Linux x86_64) AppleWebKit/537.36 (KHTML, like Gecko) Chrome/48.0.2564.82 Safari/537.36","accept-encoding":"gzip, deflate, sdch","accept-language":"en-US,en;q=0.8"}

[Method]: GET
[URI]: products
[Timestamp]: Mon Jan 25 2016 19:40:56 GMT-1000 (HST)
[Headers]: {"host":"localhost:3000","connection":"keep-alive","pragma":"no-cache","cache-control":"no-cache","accept":"text/html,application/xhtml+xml,application/xml;q=0.9,image/webp,*/*;q=0.8","upgrade-insecure-requests":"1","user-agent":"Mozilla/5.0 (X11; Linux x86_64) AppleWebKit/537.36 (KHTML, like Gecko) Chrome/48.0.2564.82 Safari/537.36","accept-encoding":"gzip, deflate, sdch","accept-language":"en-US,en;q=0.8"}

[Method]: GET
[URI]: products
[Timestamp]: Mon Jan 25 2016 19:52:00 GMT-1000 (HST)
[Headers]: {"host":"localhost:3000","connection":"keep-alive","pragma":"no-cache","cache-control":"no-cache","accept":"text/html,application/xhtml+xml,application/xml;q=0.9,image/webp,*/*;q=0.8","upgrade-insecure-requests":"1","user-agent":"Mozilla/5.0 (X11; Linux x86_64) AppleWebKit/537.36 (KHTML, like Gecko) Chrome/48.0.2564.82 Safari/537.36","accept-encoding":"gzip, deflate, sdch","accept-language":"en-US,en;q=0.8"}

[Method]: GET
[URI]: products/
[Timestamp]: Mon Jan 25 2016 19:52:09 GMT-1000 (HST)
[Headers]: {"host":"localhost:3000","connection":"keep-alive","accept":"text/html,application/xhtml+xml,application/xml;q=0.9,image/webp,*/*;q=0.8","upgrade-insecure-requests":"1","user-agent":"Mozilla/5.0 (X11; Linux x86_64) AppleWebKit/537.36 (KHTML, like Gecko) Chrome/48.0.2564.82 Safari/537.36","accept-encoding":"gzip, deflate, sdch","accept-language":"en-US,en;q=0.8","if-none-match":"W/\"6eb-Fn/czHF+EKrU5CIDkK/9gQ\""}

[Method]: GET
[URI]: products/
[Timestamp]: Mon Jan 25 2016 19:52:10 GMT-1000 (HST)
[Headers]: {"host":"localhost:3000","connection":"keep-alive","pragma":"no-cache","cache-control":"no-cache","accept":"text/html,application/xhtml+xml,application/xml;q=0.9,image/webp,*/*;q=0.8","upgrade-insecure-requests":"1","user-agent":"Mozilla/5.0 (X11; Linux x86_64) AppleWebKit/537.36 (KHTML, like Gecko) Chrome/48.0.2564.82 Safari/537.36","accept-encoding":"gzip, deflate, sdch","accept-language":"en-US,en;q=0.8"}

[Method]: GET
[URI]: products/
[Timestamp]: Mon Jan 25 2016 19:52:21 GMT-1000 (HST)
[Headers]: {"host":"localhost:3000","connection":"keep-alive","pragma":"no-cache","cache-control":"no-cache","accept":"text/html,application/xhtml+xml,application/xml;q=0.9,image/webp,*/*;q=0.8","upgrade-insecure-requests":"1","user-agent":"Mozilla/5.0 (X11; Linux x86_64) AppleWebKit/537.36 (KHTML, like Gecko) Chrome/48.0.2564.82 Safari/537.36","accept-encoding":"gzip, deflate, sdch","accept-language":"en-US,en;q=0.8"}

[Method]: GET
[URI]: products/
[Timestamp]: Mon Jan 25 2016 19:52:23 GMT-1000 (HST)
[Headers]: {"host":"localhost:3000","connection":"keep-alive","pragma":"no-cache","cache-control":"no-cache","accept":"text/html,application/xhtml+xml,application/xml;q=0.9,image/webp,*/*;q=0.8","upgrade-insecure-requests":"1","user-agent":"Mozilla/5.0 (X11; Linux x86_64) AppleWebKit/537.36 (KHTML, like Gecko) Chrome/48.0.2564.82 Safari/537.36","accept-encoding":"gzip, deflate, sdch","accept-language":"en-US,en;q=0.8"}

[Method]: GET
[URI]: products/
[Timestamp]: Mon Jan 25 2016 19:52:34 GMT-1000 (HST)
[Headers]: {"host":"localhost:3000","connection":"keep-alive","pragma":"no-cache","cache-control":"no-cache","accept":"text/html,application/xhtml+xml,application/xml;q=0.9,image/webp,*/*;q=0.8","upgrade-insecure-requests":"1","user-agent":"Mozilla/5.0 (X11; Linux x86_64) AppleWebKit/537.36 (KHTML, like Gecko) Chrome/48.0.2564.82 Safari/537.36","accept-encoding":"gzip, deflate, sdch","accept-language":"en-US,en;q=0.8"}

[Method]: GET
[URI]: products
[Timestamp]: Mon Jan 25 2016 19:52:36 GMT-1000 (HST)
[Headers]: {"host":"localhost:3000","connection":"keep-alive","pragma":"no-cache","cache-control":"no-cache","accept":"text/html,application/xhtml+xml,application/xml;q=0.9,image/webp,*/*;q=0.8","upgrade-insecure-requests":"1","user-agent":"Mozilla/5.0 (X11; Linux x86_64) AppleWebKit/537.36 (KHTML, like Gecko) Chrome/48.0.2564.82 Safari/537.36","accept-encoding":"gzip, deflate, sdch","accept-language":"en-US,en;q=0.8"}

[Method]: GET
[URI]: products
[Timestamp]: Mon Jan 25 2016 19:52:39 GMT-1000 (HST)
[Headers]: {"host":"localhost:3000","connection":"keep-alive","pragma":"no-cache","cache-control":"no-cache","accept":"text/html,application/xhtml+xml,application/xml;q=0.9,image/webp,*/*;q=0.8","upgrade-insecure-requests":"1","user-agent":"Mozilla/5.0 (X11; Linux x86_64) AppleWebKit/537.36 (KHTML, like Gecko) Chrome/48.0.2564.82 Safari/537.36","accept-encoding":"gzip, deflate, sdch","accept-language":"en-US,en;q=0.8"}

[Method]: GET
[URI]: products
[Timestamp]: Mon Jan 25 2016 20:02:10 GMT-1000 (HST)
[Headers]: {"host":"localhost:3000","connection":"keep-alive","pragma":"no-cache","cache-control":"no-cache","accept":"text/html,application/xhtml+xml,application/xml;q=0.9,image/webp,*/*;q=0.8","upgrade-insecure-requests":"1","user-agent":"Mozilla/5.0 (X11; Linux x86_64) AppleWebKit/537.36 (KHTML, like Gecko) Chrome/48.0.2564.82 Safari/537.36","accept-encoding":"gzip, deflate, sdch","accept-language":"en-US,en;q=0.8"}

[Method]: GET
[URI]: products
[Timestamp]: Mon Jan 25 2016 20:02:14 GMT-1000 (HST)
[Headers]: {"host":"localhost:3000","connection":"keep-alive","pragma":"no-cache","cache-control":"no-cache","accept":"text/html,application/xhtml+xml,application/xml;q=0.9,image/webp,*/*;q=0.8","upgrade-insecure-requests":"1","user-agent":"Mozilla/5.0 (X11; Linux x86_64) AppleWebKit/537.36 (KHTML, like Gecko) Chrome/48.0.2564.82 Safari/537.36","accept-encoding":"gzip, deflate, sdch","accept-language":"en-US,en;q=0.8"}

[Method]: GET
[URI]: products/
[Timestamp]: Mon Jan 25 2016 20:02:17 GMT-1000 (HST)
[Headers]: {"host":"localhost:3000","connection":"keep-alive","accept":"text/html,application/xhtml+xml,application/xml;q=0.9,image/webp,*/*;q=0.8","upgrade-insecure-requests":"1","user-agent":"Mozilla/5.0 (X11; Linux x86_64) AppleWebKit/537.36 (KHTML, like Gecko) Chrome/48.0.2564.82 Safari/537.36","accept-encoding":"gzip, deflate, sdch","accept-language":"en-US,en;q=0.8","if-none-match":"W/\"508-28HCiugcSLGoXha0INjyUA\""}

[Method]: GET
[URI]: products/
[Timestamp]: Mon Jan 25 2016 20:02:17 GMT-1000 (HST)
[Headers]: {"host":"localhost:3000","connection":"keep-alive","pragma":"no-cache","cache-control":"no-cache","accept":"text/html,application/xhtml+xml,application/xml;q=0.9,image/webp,*/*;q=0.8","upgrade-insecure-requests":"1","user-agent":"Mozilla/5.0 (X11; Linux x86_64) AppleWebKit/537.36 (KHTML, like Gecko) Chrome/48.0.2564.82 Safari/537.36","accept-encoding":"gzip, deflate, sdch","accept-language":"en-US,en;q=0.8"}

[Method]: GET
[URI]: products/
[Timestamp]: Mon Jan 25 2016 20:05:23 GMT-1000 (HST)
[Headers]: {"host":"localhost:3000","connection":"keep-alive","pragma":"no-cache","cache-control":"no-cache","accept":"text/html,application/xhtml+xml,application/xml;q=0.9,image/webp,*/*;q=0.8","upgrade-insecure-requests":"1","user-agent":"Mozilla/5.0 (X11; Linux x86_64) AppleWebKit/537.36 (KHTML, like Gecko) Chrome/48.0.2564.82 Safari/537.36","accept-encoding":"gzip, deflate, sdch","accept-language":"en-US,en;q=0.8"}

[Method]: GET
[URI]: products/
[Timestamp]: Mon Jan 25 2016 20:06:17 GMT-1000 (HST)
[Headers]: {"host":"localhost:3000","connection":"keep-alive","pragma":"no-cache","cache-control":"no-cache","accept":"text/html,application/xhtml+xml,application/xml;q=0.9,image/webp,*/*;q=0.8","upgrade-insecure-requests":"1","user-agent":"Mozilla/5.0 (X11; Linux x86_64) AppleWebKit/537.36 (KHTML, like Gecko) Chrome/48.0.2564.82 Safari/537.36","accept-encoding":"gzip, deflate, sdch","accept-language":"en-US,en;q=0.8"}