

[Method]: GET
[URI]: products
[Timestamp]: Wed Jan 27 2016 09:45:13 GMT-1000 (HST)
[Headers]: {"host":"localhost:3000","connection":"keep-alive","cache-control":"max-age=0","accept":"text/html,application/xhtml+xml,application/xml;q=0.9,image/webp,*/*;q=0.8","upgrade-insecure-requests":"1","user-agent":"Mozilla/5.0 (X11; Linux x86_64) AppleWebKit/537.36 (KHTML, like Gecko) Chrome/48.0.2564.82 Safari/537.36","accept-encoding":"gzip, deflate, sdch","accept-language":"en-US,en;q=0.8","if-none-match":"W/\"508-28HCiugcSLGoXha0INjyUA\""}

[Method]: POST
[URI]: products/show
[Timestamp]: Wed Jan 27 2016 09:50:43 GMT-1000 (HST)
[Headers]: {"host":"localhost:3000","connection":"keep-alive","content-length":"11","pragma":"no-cache","cache-control":"no-cache","accept":"text/html,application/xhtml+xml,application/xml;q=0.9,image/webp,*/*;q=0.8","origin":"http://localhost:3000","upgrade-insecure-requests":"1","user-agent":"Mozilla/5.0 (X11; Linux x86_64) AppleWebKit/537.36 (KHTML, like Gecko) Chrome/48.0.2564.82 Safari/537.36","content-type":"application/x-www-form-urlencoded","referer":"http://localhost:3000/products","accept-encoding":"gzip, deflate","accept-language":"en-US,en;q=0.8"}

[Method]: GET
[URI]: products/1/show
[Timestamp]: Wed Jan 27 2016 09:50:43 GMT-1000 (HST)
[Headers]: {"host":"localhost:3000","connection":"keep-alive","pragma":"no-cache","cache-control":"no-cache","accept":"text/html,application/xhtml+xml,application/xml;q=0.9,image/webp,*/*;q=0.8","upgrade-insecure-requests":"1","user-agent":"Mozilla/5.0 (X11; Linux x86_64) AppleWebKit/537.36 (KHTML, like Gecko) Chrome/48.0.2564.82 Safari/537.36","referer":"http://localhost:3000/products","accept-encoding":"gzip, deflate, sdch","accept-language":"en-US,en;q=0.8"}

[Method]: GET
[URI]: products
[Timestamp]: Wed Jan 27 2016 09:51:10 GMT-1000 (HST)
[Headers]: {"host":"localhost:3000","connection":"keep-alive","pragma":"no-cache","cache-control":"no-cache","accept":"text/html,application/xhtml+xml,application/xml;q=0.9,image/webp,*/*;q=0.8","upgrade-insecure-requests":"1","user-agent":"Mozilla/5.0 (X11; Linux x86_64) AppleWebKit/537.36 (KHTML, like Gecko) Chrome/48.0.2564.82 Safari/537.36","accept-encoding":"gzip, deflate, sdch","accept-language":"en-US,en;q=0.8"}

[Method]: POST
[URI]: products/show
[Timestamp]: Wed Jan 27 2016 09:51:12 GMT-1000 (HST)
[Headers]: {"host":"localhost:3000","connection":"keep-alive","content-length":"11","pragma":"no-cache","cache-control":"no-cache","accept":"text/html,application/xhtml+xml,application/xml;q=0.9,image/webp,*/*;q=0.8","origin":"http://localhost:3000","upgrade-insecure-requests":"1","user-agent":"Mozilla/5.0 (X11; Linux x86_64) AppleWebKit/537.36 (KHTML, like Gecko) Chrome/48.0.2564.82 Safari/537.36","content-type":"application/x-www-form-urlencoded","referer":"http://localhost:3000/products","accept-encoding":"gzip, deflate","accept-language":"en-US,en;q=0.8"}

[Method]: GET
[URI]: products/1/show
[Timestamp]: Wed Jan 27 2016 09:51:12 GMT-1000 (HST)
[Headers]: {"host":"localhost:3000","connection":"keep-alive","pragma":"no-cache","cache-control":"no-cache","accept":"text/html,application/xhtml+xml,application/xml;q=0.9,image/webp,*/*;q=0.8","upgrade-insecure-requests":"1","user-agent":"Mozilla/5.0 (X11; Linux x86_64) AppleWebKit/537.36 (KHTML, like Gecko) Chrome/48.0.2564.82 Safari/537.36","referer":"http://localhost:3000/products","accept-encoding":"gzip, deflate, sdch","accept-language":"en-US,en;q=0.8"}

[Method]: GET
[URI]: products/
[Timestamp]: Wed Jan 27 2016 09:51:16 GMT-1000 (HST)
[Headers]: {"host":"localhost:3000","connection":"keep-alive","pragma":"no-cache","cache-control":"no-cache","accept":"text/html,application/xhtml+xml,application/xml;q=0.9,image/webp,*/*;q=0.8","upgrade-insecure-requests":"1","user-agent":"Mozilla/5.0 (X11; Linux x86_64) AppleWebKit/537.36 (KHTML, like Gecko) Chrome/48.0.2564.82 Safari/537.36","referer":"http://localhost:3000/products/1/show","accept-encoding":"gzip, deflate, sdch","accept-language":"en-US,en;q=0.8"}

[Method]: POST
[URI]: products/show
[Timestamp]: Wed Jan 27 2016 09:51:24 GMT-1000 (HST)
[Headers]: {"host":"localhost:3000","connection":"keep-alive","content-length":"11","pragma":"no-cache","cache-control":"no-cache","accept":"text/html,application/xhtml+xml,application/xml;q=0.9,image/webp,*/*;q=0.8","origin":"http://localhost:3000","upgrade-insecure-requests":"1","user-agent":"Mozilla/5.0 (X11; Linux x86_64) AppleWebKit/537.36 (KHTML, like Gecko) Chrome/48.0.2564.82 Safari/537.36","content-type":"application/x-www-form-urlencoded","referer":"http://localhost:3000/products/?","accept-encoding":"gzip, deflate","accept-language":"en-US,en;q=0.8"}

[Method]: GET
[URI]: products/6/show
[Timestamp]: Wed Jan 27 2016 09:51:24 GMT-1000 (HST)
[Headers]: {"host":"localhost:3000","connection":"keep-alive","pragma":"no-cache","cache-control":"no-cache","accept":"text/html,application/xhtml+xml,application/xml;q=0.9,image/webp,*/*;q=0.8","upgrade-insecure-requests":"1","user-agent":"Mozilla/5.0 (X11; Linux x86_64) AppleWebKit/537.36 (KHTML, like Gecko) Chrome/48.0.2564.82 Safari/537.36","referer":"http://localhost:3000/products/?","accept-encoding":"gzip, deflate, sdch","accept-language":"en-US,en;q=0.8"}

[Method]: GET
[URI]: products/
[Timestamp]: Wed Jan 27 2016 09:51:29 GMT-1000 (HST)
[Headers]: {"host":"localhost:3000","connection":"keep-alive","pragma":"no-cache","cache-control":"no-cache","accept":"text/html,application/xhtml+xml,application/xml;q=0.9,image/webp,*/*;q=0.8","upgrade-insecure-requests":"1","user-agent":"Mozilla/5.0 (X11; Linux x86_64) AppleWebKit/537.36 (KHTML, like Gecko) Chrome/48.0.2564.82 Safari/537.36","referer":"http://localhost:3000/products/6/show","accept-encoding":"gzip, deflate, sdch","accept-language":"en-US,en;q=0.8"}

[Method]: POST
[URI]: products/show
[Timestamp]: Wed Jan 27 2016 09:51:33 GMT-1000 (HST)
[Headers]: {"host":"localhost:3000","connection":"keep-alive","content-length":"11","pragma":"no-cache","cache-control":"no-cache","accept":"text/html,application/xhtml+xml,application/xml;q=0.9,image/webp,*/*;q=0.8","origin":"http://localhost:3000","upgrade-insecure-requests":"1","user-agent":"Mozilla/5.0 (X11; Linux x86_64) AppleWebKit/537.36 (KHTML, like Gecko) Chrome/48.0.2564.82 Safari/537.36","content-type":"application/x-www-form-urlencoded","referer":"http://localhost:3000/products/?","accept-encoding":"gzip, deflate","accept-language":"en-US,en;q=0.8"}

[Method]: GET
[URI]: products/8/show
[Timestamp]: Wed Jan 27 2016 09:51:33 GMT-1000 (HST)
[Headers]: {"host":"localhost:3000","connection":"keep-alive","pragma":"no-cache","cache-control":"no-cache","accept":"text/html,application/xhtml+xml,application/xml;q=0.9,image/webp,*/*;q=0.8","upgrade-insecure-requests":"1","user-agent":"Mozilla/5.0 (X11; Linux x86_64) AppleWebKit/537.36 (KHTML, like Gecko) Chrome/48.0.2564.82 Safari/537.36","referer":"http://localhost:3000/products/?","accept-encoding":"gzip, deflate, sdch","accept-language":"en-US,en;q=0.8"}

[Method]: GET
[URI]: products/
[Timestamp]: Wed Jan 27 2016 09:51:56 GMT-1000 (HST)
[Headers]: {"host":"localhost:3000","connection":"keep-alive","pragma":"no-cache","cache-control":"no-cache","accept":"text/html,application/xhtml+xml,application/xml;q=0.9,image/webp,*/*;q=0.8","upgrade-insecure-requests":"1","user-agent":"Mozilla/5.0 (X11; Linux x86_64) AppleWebKit/537.36 (KHTML, like Gecko) Chrome/48.0.2564.82 Safari/537.36","referer":"http://localhost:3000/products/6/show","accept-encoding":"gzip, deflate, sdch","accept-language":"en-US,en;q=0.8"}

[Method]: POST
[URI]: products/edit
[Timestamp]: Wed Jan 27 2016 09:52:01 GMT-1000 (HST)
[Headers]: {"host":"localhost:3000","connection":"keep-alive","content-length":"11","pragma":"no-cache","cache-control":"no-cache","accept":"text/html,application/xhtml+xml,application/xml;q=0.9,image/webp,*/*;q=0.8","origin":"http://localhost:3000","upgrade-insecure-requests":"1","user-agent":"Mozilla/5.0 (X11; Linux x86_64) AppleWebKit/537.36 (KHTML, like Gecko) Chrome/48.0.2564.82 Safari/537.36","content-type":"application/x-www-form-urlencoded","referer":"http://localhost:3000/products/?","accept-encoding":"gzip, deflate","accept-language":"en-US,en;q=0.8"}

[Method]: GET
[URI]: products/8/edit
[Timestamp]: Wed Jan 27 2016 09:52:01 GMT-1000 (HST)
[Headers]: {"host":"localhost:3000","connection":"keep-alive","pragma":"no-cache","cache-control":"no-cache","accept":"text/html,application/xhtml+xml,application/xml;q=0.9,image/webp,*/*;q=0.8","upgrade-insecure-requests":"1","user-agent":"Mozilla/5.0 (X11; Linux x86_64) AppleWebKit/537.36 (KHTML, like Gecko) Chrome/48.0.2564.82 Safari/537.36","referer":"http://localhost:3000/products/?","accept-encoding":"gzip, deflate, sdch","accept-language":"en-US,en;q=0.8"}

[Method]: GET
[URI]: products/
[Timestamp]: Wed Jan 27 2016 09:53:08 GMT-1000 (HST)
[Headers]: {"host":"localhost:3000","connection":"keep-alive","pragma":"no-cache","cache-control":"no-cache","accept":"text/html,application/xhtml+xml,application/xml;q=0.9,image/webp,*/*;q=0.8","upgrade-insecure-requests":"1","user-agent":"Mozilla/5.0 (X11; Linux x86_64) AppleWebKit/537.36 (KHTML, like Gecko) Chrome/48.0.2564.82 Safari/537.36","referer":"http://localhost:3000/products/6/show","accept-encoding":"gzip, deflate, sdch","accept-language":"en-US,en;q=0.8"}

[Method]: POST
[URI]: products/edit
[Timestamp]: Wed Jan 27 2016 09:53:40 GMT-1000 (HST)
[Headers]: {"host":"localhost:3000","connection":"keep-alive","content-length":"11","pragma":"no-cache","cache-control":"no-cache","accept":"text/html,application/xhtml+xml,application/xml;q=0.9,image/webp,*/*;q=0.8","origin":"http://localhost:3000","upgrade-insecure-requests":"1","user-agent":"Mozilla/5.0 (X11; Linux x86_64) AppleWebKit/537.36 (KHTML, like Gecko) Chrome/48.0.2564.82 Safari/537.36","content-type":"application/x-www-form-urlencoded","referer":"http://localhost:3000/products/?","accept-encoding":"gzip, deflate","accept-language":"en-US,en;q=0.8"}

[Method]: GET
[URI]: products/8/edit
[Timestamp]: Wed Jan 27 2016 09:53:40 GMT-1000 (HST)
[Headers]: {"host":"localhost:3000","connection":"keep-alive","pragma":"no-cache","cache-control":"no-cache","accept":"text/html,application/xhtml+xml,application/xml;q=0.9,image/webp,*/*;q=0.8","upgrade-insecure-requests":"1","user-agent":"Mozilla/5.0 (X11; Linux x86_64) AppleWebKit/537.36 (KHTML, like Gecko) Chrome/48.0.2564.82 Safari/537.36","referer":"http://localhost:3000/products/?","accept-encoding":"gzip, deflate, sdch","accept-language":"en-US,en;q=0.8"}

[Method]: GET
[URI]: products/
[Timestamp]: Wed Jan 27 2016 09:58:33 GMT-1000 (HST)
[Headers]: {"host":"localhost:3000","connection":"keep-alive","pragma":"no-cache","cache-control":"no-cache","accept":"text/html,application/xhtml+xml,application/xml;q=0.9,image/webp,*/*;q=0.8","upgrade-insecure-requests":"1","user-agent":"Mozilla/5.0 (X11; Linux x86_64) AppleWebKit/537.36 (KHTML, like Gecko) Chrome/48.0.2564.82 Safari/537.36","referer":"http://localhost:3000/products/6/show","accept-encoding":"gzip, deflate, sdch","accept-language":"en-US,en;q=0.8"}

[Method]: GET
[URI]: products/
[Timestamp]: Wed Jan 27 2016 09:58:38 GMT-1000 (HST)
[Headers]: {"host":"localhost:3000","connection":"keep-alive","accept":"text/html,application/xhtml+xml,application/xml;q=0.9,image/webp,*/*;q=0.8","upgrade-insecure-requests":"1","user-agent":"Mozilla/5.0 (X11; Linux x86_64) AppleWebKit/537.36 (KHTML, like Gecko) Chrome/48.0.2564.82 Safari/537.36","accept-encoding":"gzip, deflate, sdch","accept-language":"en-US,en;q=0.8","if-none-match":"W/\"5bf-B9IbZUXdQ83DdBPgi1+8Dw\""}

[Method]: GET
[URI]: products/
[Timestamp]: Wed Jan 27 2016 09:58:38 GMT-1000 (HST)
[Headers]: {"host":"localhost:3000","connection":"keep-alive","pragma":"no-cache","cache-control":"no-cache","accept":"text/html,application/xhtml+xml,application/xml;q=0.9,image/webp,*/*;q=0.8","upgrade-insecure-requests":"1","user-agent":"Mozilla/5.0 (X11; Linux x86_64) AppleWebKit/537.36 (KHTML, like Gecko) Chrome/48.0.2564.82 Safari/537.36","accept-encoding":"gzip, deflate, sdch","accept-language":"en-US,en;q=0.8"}

[Method]: POST
[URI]: products/edit
[Timestamp]: Wed Jan 27 2016 09:58:44 GMT-1000 (HST)
[Headers]: {"host":"localhost:3000","connection":"keep-alive","content-length":"11","pragma":"no-cache","cache-control":"no-cache","accept":"text/html,application/xhtml+xml,application/xml;q=0.9,image/webp,*/*;q=0.8","origin":"http://localhost:3000","upgrade-insecure-requests":"1","user-agent":"Mozilla/5.0 (X11; Linux x86_64) AppleWebKit/537.36 (KHTML, like Gecko) Chrome/48.0.2564.82 Safari/537.36","content-type":"application/x-www-form-urlencoded","referer":"http://localhost:3000/products/","accept-encoding":"gzip, deflate","accept-language":"en-US,en;q=0.8"}

[Method]: GET
[URI]: products/0/edit
[Timestamp]: Wed Jan 27 2016 09:58:44 GMT-1000 (HST)
[Headers]: {"host":"localhost:3000","connection":"keep-alive","pragma":"no-cache","cache-control":"no-cache","accept":"text/html,application/xhtml+xml,application/xml;q=0.9,image/webp,*/*;q=0.8","upgrade-insecure-requests":"1","user-agent":"Mozilla/5.0 (X11; Linux x86_64) AppleWebKit/537.36 (KHTML, like Gecko) Chrome/48.0.2564.82 Safari/537.36","referer":"http://localhost:3000/products/","accept-encoding":"gzip, deflate, sdch","accept-language":"en-US,en;q=0.8"}

[Method]: GET
[URI]: products/
[Timestamp]: Wed Jan 27 2016 09:59:23 GMT-1000 (HST)
[Headers]: {"host":"localhost:3000","connection":"keep-alive","pragma":"no-cache","cache-control":"no-cache","accept":"text/html,application/xhtml+xml,application/xml;q=0.9,image/webp,*/*;q=0.8","upgrade-insecure-requests":"1","user-agent":"Mozilla/5.0 (X11; Linux x86_64) AppleWebKit/537.36 (KHTML, like Gecko) Chrome/48.0.2564.82 Safari/537.36","accept-encoding":"gzip, deflate, sdch","accept-language":"en-US,en;q=0.8"}

[Method]: POST
[URI]: products/edit
[Timestamp]: Wed Jan 27 2016 09:59:25 GMT-1000 (HST)
[Headers]: {"host":"localhost:3000","connection":"keep-alive","content-length":"11","pragma":"no-cache","cache-control":"no-cache","accept":"text/html,application/xhtml+xml,application/xml;q=0.9,image/webp,*/*;q=0.8","origin":"http://localhost:3000","upgrade-insecure-requests":"1","user-agent":"Mozilla/5.0 (X11; Linux x86_64) AppleWebKit/537.36 (KHTML, like Gecko) Chrome/48.0.2564.82 Safari/537.36","content-type":"application/x-www-form-urlencoded","referer":"http://localhost:3000/products/","accept-encoding":"gzip, deflate","accept-language":"en-US,en;q=0.8"}

[Method]: GET
[URI]: products/0/edit
[Timestamp]: Wed Jan 27 2016 09:59:25 GMT-1000 (HST)
[Headers]: {"host":"localhost:3000","connection":"keep-alive","pragma":"no-cache","cache-control":"no-cache","accept":"text/html,application/xhtml+xml,application/xml;q=0.9,image/webp,*/*;q=0.8","upgrade-insecure-requests":"1","user-agent":"Mozilla/5.0 (X11; Linux x86_64) AppleWebKit/537.36 (KHTML, like Gecko) Chrome/48.0.2564.82 Safari/537.36","referer":"http://localhost:3000/products/","accept-encoding":"gzip, deflate, sdch","accept-language":"en-US,en;q=0.8"}

[Method]: GET
[URI]: products/
[Timestamp]: Wed Jan 27 2016 09:59:33 GMT-1000 (HST)
[Headers]: {"host":"localhost:3000","connection":"keep-alive","pragma":"no-cache","cache-control":"no-cache","accept":"text/html,application/xhtml+xml,application/xml;q=0.9,image/webp,*/*;q=0.8","upgrade-insecure-requests":"1","user-agent":"Mozilla/5.0 (X11; Linux x86_64) AppleWebKit/537.36 (KHTML, like Gecko) Chrome/48.0.2564.82 Safari/537.36","accept-encoding":"gzip, deflate, sdch","accept-language":"en-US,en;q=0.8"}

[Method]: POST
[URI]: products/edit
[Timestamp]: Wed Jan 27 2016 09:59:37 GMT-1000 (HST)
[Headers]: {"host":"localhost:3000","connection":"keep-alive","content-length":"11","pragma":"no-cache","cache-control":"no-cache","accept":"text/html,application/xhtml+xml,application/xml;q=0.9,image/webp,*/*;q=0.8","origin":"http://localhost:3000","upgrade-insecure-requests":"1","user-agent":"Mozilla/5.0 (X11; Linux x86_64) AppleWebKit/537.36 (KHTML, like Gecko) Chrome/48.0.2564.82 Safari/537.36","content-type":"application/x-www-form-urlencoded","referer":"http://localhost:3000/products/","accept-encoding":"gzip, deflate","accept-language":"en-US,en;q=0.8"}

[Method]: GET
[URI]: products/8/edit
[Timestamp]: Wed Jan 27 2016 09:59:37 GMT-1000 (HST)
[Headers]: {"host":"localhost:3000","connection":"keep-alive","pragma":"no-cache","cache-control":"no-cache","accept":"text/html,application/xhtml+xml,application/xml;q=0.9,image/webp,*/*;q=0.8","upgrade-insecure-requests":"1","user-agent":"Mozilla/5.0 (X11; Linux x86_64) AppleWebKit/537.36 (KHTML, like Gecko) Chrome/48.0.2564.82 Safari/537.36","referer":"http://localhost:3000/products/","accept-encoding":"gzip, deflate, sdch","accept-language":"en-US,en;q=0.8"}

[Method]: GET
[URI]: products/
[Timestamp]: Wed Jan 27 2016 09:59:48 GMT-1000 (HST)
[Headers]: {"host":"localhost:3000","connection":"keep-alive","pragma":"no-cache","cache-control":"no-cache","accept":"text/html,application/xhtml+xml,application/xml;q=0.9,image/webp,*/*;q=0.8","upgrade-insecure-requests":"1","user-agent":"Mozilla/5.0 (X11; Linux x86_64) AppleWebKit/537.36 (KHTML, like Gecko) Chrome/48.0.2564.82 Safari/537.36","accept-encoding":"gzip, deflate, sdch","accept-language":"en-US,en;q=0.8"}

[Method]: POST
[URI]: products/edit
[Timestamp]: Wed Jan 27 2016 09:59:50 GMT-1000 (HST)
[Headers]: {"host":"localhost:3000","connection":"keep-alive","content-length":"11","pragma":"no-cache","cache-control":"no-cache","accept":"text/html,application/xhtml+xml,application/xml;q=0.9,image/webp,*/*;q=0.8","origin":"http://localhost:3000","upgrade-insecure-requests":"1","user-agent":"Mozilla/5.0 (X11; Linux x86_64) AppleWebKit/537.36 (KHTML, like Gecko) Chrome/48.0.2564.82 Safari/537.36","content-type":"application/x-www-form-urlencoded","referer":"http://localhost:3000/products/","accept-encoding":"gzip, deflate","accept-language":"en-US,en;q=0.8"}

[Method]: GET
[URI]: products/8/edit
[Timestamp]: Wed Jan 27 2016 09:59:50 GMT-1000 (HST)
[Headers]: {"host":"localhost:3000","connection":"keep-alive","pragma":"no-cache","cache-control":"no-cache","accept":"text/html,application/xhtml+xml,application/xml;q=0.9,image/webp,*/*;q=0.8","upgrade-insecure-requests":"1","user-agent":"Mozilla/5.0 (X11; Linux x86_64) AppleWebKit/537.36 (KHTML, like Gecko) Chrome/48.0.2564.82 Safari/537.36","referer":"http://localhost:3000/products/","accept-encoding":"gzip, deflate, sdch","accept-language":"en-US,en;q=0.8"}

[Method]: GET
[URI]: products/
[Timestamp]: Wed Jan 27 2016 10:00:06 GMT-1000 (HST)
[Headers]: {"host":"localhost:3000","connection":"keep-alive","pragma":"no-cache","cache-control":"no-cache","accept":"text/html,application/xhtml+xml,application/xml;q=0.9,image/webp,*/*;q=0.8","upgrade-insecure-requests":"1","user-agent":"Mozilla/5.0 (X11; Linux x86_64) AppleWebKit/537.36 (KHTML, like Gecko) Chrome/48.0.2564.82 Safari/537.36","accept-encoding":"gzip, deflate, sdch","accept-language":"en-US,en;q=0.8"}

[Method]: POST
[URI]: products/edit
[Timestamp]: Wed Jan 27 2016 10:00:07 GMT-1000 (HST)
[Headers]: {"host":"localhost:3000","connection":"keep-alive","content-length":"11","pragma":"no-cache","cache-control":"no-cache","accept":"text/html,application/xhtml+xml,application/xml;q=0.9,image/webp,*/*;q=0.8","origin":"http://localhost:3000","upgrade-insecure-requests":"1","user-agent":"Mozilla/5.0 (X11; Linux x86_64) AppleWebKit/537.36 (KHTML, like Gecko) Chrome/48.0.2564.82 Safari/537.36","content-type":"application/x-www-form-urlencoded","referer":"http://localhost:3000/products/","accept-encoding":"gzip, deflate","accept-language":"en-US,en;q=0.8"}

[Method]: GET
[URI]: products/8/edit
[Timestamp]: Wed Jan 27 2016 10:00:07 GMT-1000 (HST)
[Headers]: {"host":"localhost:3000","connection":"keep-alive","pragma":"no-cache","cache-control":"no-cache","accept":"text/html,application/xhtml+xml,application/xml;q=0.9,image/webp,*/*;q=0.8","upgrade-insecure-requests":"1","user-agent":"Mozilla/5.0 (X11; Linux x86_64) AppleWebKit/537.36 (KHTML, like Gecko) Chrome/48.0.2564.82 Safari/537.36","referer":"http://localhost:3000/products/","accept-encoding":"gzip, deflate, sdch","accept-language":"en-US,en;q=0.8"}

[Method]: GET
[URI]: products/8/edit
[Timestamp]: Wed Jan 27 2016 10:01:44 GMT-1000 (HST)
[Headers]: {"host":"localhost:3000","connection":"keep-alive","pragma":"no-cache","cache-control":"no-cache","accept":"text/html,application/xhtml+xml,application/xml;q=0.9,image/webp,*/*;q=0.8","upgrade-insecure-requests":"1","user-agent":"Mozilla/5.0 (X11; Linux x86_64) AppleWebKit/537.36 (KHTML, like Gecko) Chrome/48.0.2564.82 Safari/537.36","referer":"http://localhost:3000/products/","accept-encoding":"gzip, deflate, sdch","accept-language":"en-US,en;q=0.8"}

[Method]: GET
[URI]: products/
[Timestamp]: Wed Jan 27 2016 10:01:46 GMT-1000 (HST)
[Headers]: {"host":"localhost:3000","connection":"keep-alive","pragma":"no-cache","cache-control":"no-cache","accept":"text/html,application/xhtml+xml,application/xml;q=0.9,image/webp,*/*;q=0.8","upgrade-insecure-requests":"1","user-agent":"Mozilla/5.0 (X11; Linux x86_64) AppleWebKit/537.36 (KHTML, like Gecko) Chrome/48.0.2564.82 Safari/537.36","accept-encoding":"gzip, deflate, sdch","accept-language":"en-US,en;q=0.8"}

[Method]: POST
[URI]: products/edit
[Timestamp]: Wed Jan 27 2016 10:01:48 GMT-1000 (HST)
[Headers]: {"host":"localhost:3000","connection":"keep-alive","content-length":"11","pragma":"no-cache","cache-control":"no-cache","accept":"text/html,application/xhtml+xml,application/xml;q=0.9,image/webp,*/*;q=0.8","origin":"http://localhost:3000","upgrade-insecure-requests":"1","user-agent":"Mozilla/5.0 (X11; Linux x86_64) AppleWebKit/537.36 (KHTML, like Gecko) Chrome/48.0.2564.82 Safari/537.36","content-type":"application/x-www-form-urlencoded","referer":"http://localhost:3000/products/","accept-encoding":"gzip, deflate","accept-language":"en-US,en;q=0.8"}

[Method]: GET
[URI]: products/8/edit
[Timestamp]: Wed Jan 27 2016 10:01:48 GMT-1000 (HST)
[Headers]: {"host":"localhost:3000","connection":"keep-alive","pragma":"no-cache","cache-control":"no-cache","accept":"text/html,application/xhtml+xml,application/xml;q=0.9,image/webp,*/*;q=0.8","upgrade-insecure-requests":"1","user-agent":"Mozilla/5.0 (X11; Linux x86_64) AppleWebKit/537.36 (KHTML, like Gecko) Chrome/48.0.2564.82 Safari/537.36","referer":"http://localhost:3000/products/","accept-encoding":"gzip, deflate, sdch","accept-language":"en-US,en;q=0.8"}

[Method]: GET
[URI]: products/8/edit
[Timestamp]: Wed Jan 27 2016 10:02:17 GMT-1000 (HST)
[Headers]: {"host":"localhost:3000","connection":"keep-alive","pragma":"no-cache","cache-control":"no-cache","accept":"text/html,application/xhtml+xml,application/xml;q=0.9,image/webp,*/*;q=0.8","upgrade-insecure-requests":"1","user-agent":"Mozilla/5.0 (X11; Linux x86_64) AppleWebKit/537.36 (KHTML, like Gecko) Chrome/48.0.2564.82 Safari/537.36","referer":"http://localhost:3000/products/","accept-encoding":"gzip, deflate, sdch","accept-language":"en-US,en;q=0.8"}

[Method]: GET
[URI]: products/
[Timestamp]: Wed Jan 27 2016 10:02:18 GMT-1000 (HST)
[Headers]: {"host":"localhost:3000","connection":"keep-alive","pragma":"no-cache","cache-control":"no-cache","accept":"text/html,application/xhtml+xml,application/xml;q=0.9,image/webp,*/*;q=0.8","upgrade-insecure-requests":"1","user-agent":"Mozilla/5.0 (X11; Linux x86_64) AppleWebKit/537.36 (KHTML, like Gecko) Chrome/48.0.2564.82 Safari/537.36","accept-encoding":"gzip, deflate, sdch","accept-language":"en-US,en;q=0.8"}

[Method]: POST
[URI]: products/show
[Timestamp]: Wed Jan 27 2016 10:02:28 GMT-1000 (HST)
[Headers]: {"host":"localhost:3000","connection":"keep-alive","content-length":"12","pragma":"no-cache","cache-control":"no-cache","accept":"text/html,application/xhtml+xml,application/xml;q=0.9,image/webp,*/*;q=0.8","origin":"http://localhost:3000","upgrade-insecure-requests":"1","user-agent":"Mozilla/5.0 (X11; Linux x86_64) AppleWebKit/537.36 (KHTML, like Gecko) Chrome/48.0.2564.82 Safari/537.36","content-type":"application/x-www-form-urlencoded","referer":"http://localhost:3000/products/","accept-encoding":"gzip, deflate","accept-language":"en-US,en;q=0.8"}

[Method]: GET
[URI]: products/10/show
[Timestamp]: Wed Jan 27 2016 10:02:28 GMT-1000 (HST)
[Headers]: {"host":"localhost:3000","connection":"keep-alive","pragma":"no-cache","cache-control":"no-cache","accept":"text/html,application/xhtml+xml,application/xml;q=0.9,image/webp,*/*;q=0.8","upgrade-insecure-requests":"1","user-agent":"Mozilla/5.0 (X11; Linux x86_64) AppleWebKit/537.36 (KHTML, like Gecko) Chrome/48.0.2564.82 Safari/537.36","referer":"http://localhost:3000/products/","accept-encoding":"gzip, deflate, sdch","accept-language":"en-US,en;q=0.8"}

[Method]: GET
[URI]: products/
[Timestamp]: Wed Jan 27 2016 10:03:05 GMT-1000 (HST)
[Headers]: {"host":"localhost:3000","connection":"keep-alive","pragma":"no-cache","cache-control":"no-cache","accept":"text/html,application/xhtml+xml,application/xml;q=0.9,image/webp,*/*;q=0.8","upgrade-insecure-requests":"1","user-agent":"Mozilla/5.0 (X11; Linux x86_64) AppleWebKit/537.36 (KHTML, like Gecko) Chrome/48.0.2564.82 Safari/537.36","accept-encoding":"gzip, deflate, sdch","accept-language":"en-US,en;q=0.8"}

[Method]: POST
[URI]: products/show
[Timestamp]: Wed Jan 27 2016 10:03:06 GMT-1000 (HST)
[Headers]: {"host":"localhost:3000","connection":"keep-alive","content-length":"12","pragma":"no-cache","cache-control":"no-cache","accept":"text/html,application/xhtml+xml,application/xml;q=0.9,image/webp,*/*;q=0.8","origin":"http://localhost:3000","upgrade-insecure-requests":"1","user-agent":"Mozilla/5.0 (X11; Linux x86_64) AppleWebKit/537.36 (KHTML, like Gecko) Chrome/48.0.2564.82 Safari/537.36","content-type":"application/x-www-form-urlencoded","referer":"http://localhost:3000/products/","accept-encoding":"gzip, deflate","accept-language":"en-US,en;q=0.8"}

[Method]: GET
[URI]: products/10/show
[Timestamp]: Wed Jan 27 2016 10:03:06 GMT-1000 (HST)
[Headers]: {"host":"localhost:3000","connection":"keep-alive","pragma":"no-cache","cache-control":"no-cache","accept":"text/html,application/xhtml+xml,application/xml;q=0.9,image/webp,*/*;q=0.8","upgrade-insecure-requests":"1","user-agent":"Mozilla/5.0 (X11; Linux x86_64) AppleWebKit/537.36 (KHTML, like Gecko) Chrome/48.0.2564.82 Safari/537.36","referer":"http://localhost:3000/products/","accept-encoding":"gzip, deflate, sdch","accept-language":"en-US,en;q=0.8"}

[Method]: POST
[URI]: products/show
[Timestamp]: Wed Jan 27 2016 10:03:46 GMT-1000 (HST)
[Headers]: {"host":"localhost:3000","connection":"keep-alive","content-length":"12","pragma":"no-cache","cache-control":"no-cache","accept":"text/html,application/xhtml+xml,application/xml;q=0.9,image/webp,*/*;q=0.8","origin":"http://localhost:3000","upgrade-insecure-requests":"1","user-agent":"Mozilla/5.0 (X11; Linux x86_64) AppleWebKit/537.36 (KHTML, like Gecko) Chrome/48.0.2564.82 Safari/537.36","content-type":"application/x-www-form-urlencoded","referer":"http://localhost:3000/products/","accept-encoding":"gzip, deflate","accept-language":"en-US,en;q=0.8"}

[Method]: GET
[URI]: products/10/show
[Timestamp]: Wed Jan 27 2016 10:03:46 GMT-1000 (HST)
[Headers]: {"host":"localhost:3000","connection":"keep-alive","pragma":"no-cache","cache-control":"no-cache","accept":"text/html,application/xhtml+xml,application/xml;q=0.9,image/webp,*/*;q=0.8","upgrade-insecure-requests":"1","user-agent":"Mozilla/5.0 (X11; Linux x86_64) AppleWebKit/537.36 (KHTML, like Gecko) Chrome/48.0.2564.82 Safari/537.36","referer":"http://localhost:3000/products/","accept-encoding":"gzip, deflate, sdch","accept-language":"en-US,en;q=0.8"}

[Method]: GET
[URI]: products/
[Timestamp]: Wed Jan 27 2016 10:04:06 GMT-1000 (HST)
[Headers]: {"host":"localhost:3000","connection":"keep-alive","pragma":"no-cache","cache-control":"no-cache","accept":"text/html,application/xhtml+xml,application/xml;q=0.9,image/webp,*/*;q=0.8","upgrade-insecure-requests":"1","user-agent":"Mozilla/5.0 (X11; Linux x86_64) AppleWebKit/537.36 (KHTML, like Gecko) Chrome/48.0.2564.82 Safari/537.36","accept-encoding":"gzip, deflate, sdch","accept-language":"en-US,en;q=0.8"}

[Method]: POST
[URI]: products/edit
[Timestamp]: Wed Jan 27 2016 10:47:37 GMT-1000 (HST)
[Headers]: {"host":"localhost:3000","connection":"keep-alive","content-length":"11","pragma":"no-cache","cache-control":"no-cache","accept":"text/html,application/xhtml+xml,application/xml;q=0.9,image/webp,*/*;q=0.8","origin":"http://localhost:3000","upgrade-insecure-requests":"1","user-agent":"Mozilla/5.0 (X11; Linux x86_64) AppleWebKit/537.36 (KHTML, like Gecko) Chrome/48.0.2564.82 Safari/537.36","content-type":"application/x-www-form-urlencoded","referer":"http://localhost:3000/products/","accept-encoding":"gzip, deflate","accept-language":"en-US,en;q=0.8"}

[Method]: GET
[URI]: products/2/edit
[Timestamp]: Wed Jan 27 2016 10:47:37 GMT-1000 (HST)
[Headers]: {"host":"localhost:3000","connection":"keep-alive","pragma":"no-cache","cache-control":"no-cache","accept":"text/html,application/xhtml+xml,application/xml;q=0.9,image/webp,*/*;q=0.8","upgrade-insecure-requests":"1","user-agent":"Mozilla/5.0 (X11; Linux x86_64) AppleWebKit/537.36 (KHTML, like Gecko) Chrome/48.0.2564.82 Safari/537.36","referer":"http://localhost:3000/products/","accept-encoding":"gzip, deflate, sdch","accept-language":"en-US,en;q=0.8"}

[Method]: GET
[URI]: products/
[Timestamp]: Wed Jan 27 2016 10:47:40 GMT-1000 (HST)
[Headers]: {"host":"localhost:3000","connection":"keep-alive","pragma":"no-cache","cache-control":"no-cache","accept":"text/html,application/xhtml+xml,application/xml;q=0.9,image/webp,*/*;q=0.8","upgrade-insecure-requests":"1","user-agent":"Mozilla/5.0 (X11; Linux x86_64) AppleWebKit/537.36 (KHTML, like Gecko) Chrome/48.0.2564.82 Safari/537.36","accept-encoding":"gzip, deflate, sdch","accept-language":"en-US,en;q=0.8"}

[Method]: POST
[URI]: products/show
[Timestamp]: Wed Jan 27 2016 10:47:42 GMT-1000 (HST)
[Headers]: {"host":"localhost:3000","connection":"keep-alive","content-length":"12","pragma":"no-cache","cache-control":"no-cache","accept":"text/html,application/xhtml+xml,application/xml;q=0.9,image/webp,*/*;q=0.8","origin":"http://localhost:3000","upgrade-insecure-requests":"1","user-agent":"Mozilla/5.0 (X11; Linux x86_64) AppleWebKit/537.36 (KHTML, like Gecko) Chrome/48.0.2564.82 Safari/537.36","content-type":"application/x-www-form-urlencoded","referer":"http://localhost:3000/products/","accept-encoding":"gzip, deflate","accept-language":"en-US,en;q=0.8"}

[Method]: GET
[URI]: products/10/show
[Timestamp]: Wed Jan 27 2016 10:47:42 GMT-1000 (HST)
[Headers]: {"host":"localhost:3000","connection":"keep-alive","pragma":"no-cache","cache-control":"no-cache","accept":"text/html,application/xhtml+xml,application/xml;q=0.9,image/webp,*/*;q=0.8","upgrade-insecure-requests":"1","user-agent":"Mozilla/5.0 (X11; Linux x86_64) AppleWebKit/537.36 (KHTML, like Gecko) Chrome/48.0.2564.82 Safari/537.36","referer":"http://localhost:3000/products/","accept-encoding":"gzip, deflate, sdch","accept-language":"en-US,en;q=0.8"}

[Method]: GET
[URI]: products/
[Timestamp]: Wed Jan 27 2016 10:47:44 GMT-1000 (HST)
[Headers]: {"host":"localhost:3000","connection":"keep-alive","pragma":"no-cache","cache-control":"no-cache","accept":"text/html,application/xhtml+xml,application/xml;q=0.9,image/webp,*/*;q=0.8","upgrade-insecure-requests":"1","user-agent":"Mozilla/5.0 (X11; Linux x86_64) AppleWebKit/537.36 (KHTML, like Gecko) Chrome/48.0.2564.82 Safari/537.36","accept-encoding":"gzip, deflate, sdch","accept-language":"en-US,en;q=0.8"}

[Method]: POST
[URI]: products/show
[Timestamp]: Wed Jan 27 2016 10:47:49 GMT-1000 (HST)
[Headers]: {"host":"localhost:3000","connection":"keep-alive","content-length":"11","pragma":"no-cache","cache-control":"no-cache","accept":"text/html,application/xhtml+xml,application/xml;q=0.9,image/webp,*/*;q=0.8","origin":"http://localhost:3000","upgrade-insecure-requests":"1","user-agent":"Mozilla/5.0 (X11; Linux x86_64) AppleWebKit/537.36 (KHTML, like Gecko) Chrome/48.0.2564.82 Safari/537.36","content-type":"application/x-www-form-urlencoded","referer":"http://localhost:3000/products/","accept-encoding":"gzip, deflate","accept-language":"en-US,en;q=0.8"}

[Method]: GET
[URI]: products/3/show
[Timestamp]: Wed Jan 27 2016 10:47:49 GMT-1000 (HST)
[Headers]: {"host":"localhost:3000","connection":"keep-alive","pragma":"no-cache","cache-control":"no-cache","accept":"text/html,application/xhtml+xml,application/xml;q=0.9,image/webp,*/*;q=0.8","upgrade-insecure-requests":"1","user-agent":"Mozilla/5.0 (X11; Linux x86_64) AppleWebKit/537.36 (KHTML, like Gecko) Chrome/48.0.2564.82 Safari/537.36","referer":"http://localhost:3000/products/","accept-encoding":"gzip, deflate, sdch","accept-language":"en-US,en;q=0.8"}